{"meta": {"format": 3, "version": "7.13.5", "timestamp": "2026-05-10T06:07:25.858005", "branch_coverage": false, "show_contexts": false}, "files": {"dot_man/__init__.py": {"executed_lines": [3, 4], "summary": {"covered_lines": 2, "num_statements": 2, "percent_covered": 100.0, "percent_covered_display": "100", "missing_lines": 0, "excluded_lines": 0, "percent_statements_covered": 100.0, "percent_statements_covered_display": "100"}, "missing_lines": [], "excluded_lines": [], "functions": {"": {"executed_lines": [3, 4], "summary": {"covered_lines": 2, "num_statements": 2, "percent_covered": 100.0, "percent_covered_display": "100", "missing_lines": 0, "excluded_lines": 0, "percent_statements_covered": 100.0, "percent_statements_covered_display": "100"}, "missing_lines": [], "excluded_lines": [], "start_line": 1}}, "classes": {"": {"executed_lines": [3, 4], "summary": {"covered_lines": 2, "num_statements": 2, "percent_covered": 100.0, "percent_covered_display": "100", "missing_lines": 0, "excluded_lines": 0, "percent_statements_covered": 100.0, "percent_statements_covered_display": "100"}, "missing_lines": [], "excluded_lines": [], "start_line": 1}}}, "dot_man/backups.py": {"executed_lines": [3, 5, 6, 7, 8, 10, 11, 13, 14, 17, 20, 21, 23, 25, 27, 29, 30, 32, 43, 46, 47, 49, 50, 53, 54, 56, 57, 67, 68, 70, 72, 73, 77, 78, 80, 86, 91, 93, 101, 108, 109, 112, 113, 115, 116, 117, 118, 119, 127, 129, 171, 173, 175, 185, 186, 189, 190, 191, 195, 205, 206, 207, 209, 210, 212, 213, 214, 216], "summary": {"covered_lines": 68, "num_statements": 105, "percent_covered": 64.76190476190476, "percent_covered_display": "65", "missing_lines": 37, "excluded_lines": 0, "percent_statements_covered": 64.76190476190476, "percent_statements_covered_display": "65"}, "missing_lines": [44, 58, 74, 75, 82, 83, 95, 97, 98, 99, 110, 136, 137, 138, 140, 141, 142, 144, 145, 147, 148, 149, 151, 153, 155, 156, 157, 159, 161, 162, 164, 166, 168, 169, 187, 192, 193], "excluded_lines": [], "functions": {"BackupManager.__init__": {"executed_lines": [21, 23], "summary": {"covered_lines": 2, "num_statements": 2, "percent_covered": 100.0, "percent_covered_display": "100", "missing_lines": 0, "excluded_lines": 0, "percent_statements_covered": 100.0, "percent_statements_covered_display": "100"}, "missing_lines": [], "excluded_lines": [], "start_line": 20}, "BackupManager._get_backup_name": {"executed_lines": [27, 29, 30], "summary": {"covered_lines": 3, "num_statements": 3, "percent_covered": 100.0, "percent_covered_display": "100", "missing_lines": 0, "excluded_lines": 0, "percent_statements_covered": 100.0, "percent_statements_covered_display": "100"}, "missing_lines": [], "excluded_lines": [], "start_line": 25}, "BackupManager.create_backup": {"executed_lines": [43, 46, 47, 49, 50, 53, 54, 56, 57, 67, 68, 70, 72, 73, 77, 78, 80, 86, 91, 93], "summary": {"covered_lines": 20, "num_statements": 30, "percent_covered": 66.66666666666667, "percent_covered_display": "67", "missing_lines": 10, "excluded_lines": 0, "percent_statements_covered": 66.66666666666667, "percent_statements_covered_display": "67"}, "missing_lines": [44, 58, 74, 75, 82, 83, 95, 97, 98, 99], "excluded_lines": [], "start_line": 32}, "BackupManager.list_backups": {"executed_lines": [108, 109, 112, 113, 115, 116, 117, 118, 119, 127], "summary": {"covered_lines": 10, "num_statements": 11, "percent_covered": 90.9090909090909, "percent_covered_display": "91", "missing_lines": 1, "excluded_lines": 0, "percent_statements_covered": 90.9090909090909, "percent_statements_covered_display": "91"}, "missing_lines": [110], "excluded_lines": [], "start_line": 101}, "BackupManager.restore_backup": {"executed_lines": [], "summary": {"covered_lines": 0, "num_statements": 23, "percent_covered": 0.0, "percent_covered_display": "0", "missing_lines": 23, "excluded_lines": 0, "percent_statements_covered": 0.0, "percent_statements_covered_display": "0"}, "missing_lines": [136, 137, 138, 140, 141, 142, 144, 145, 147, 148, 149, 151, 153, 155, 156, 157, 159, 161, 162, 164, 166, 168, 169], "excluded_lines": [], "start_line": 129}, "BackupManager._rotate_backups": {"executed_lines": [173], "summary": {"covered_lines": 1, "num_statements": 1, "percent_covered": 100.0, "percent_covered_display": "100", "missing_lines": 0, "excluded_lines": 0, "percent_statements_covered": 100.0, "percent_statements_covered_display": "100"}, "missing_lines": [], "excluded_lines": [], "start_line": 171}, "BackupManager.delete_backup": {"executed_lines": [185, 186, 189, 190, 191], "summary": {"covered_lines": 5, "num_statements": 8, "percent_covered": 62.5, "percent_covered_display": "62", "missing_lines": 3, "excluded_lines": 0, "percent_statements_covered": 62.5, "percent_statements_covered_display": "62"}, "missing_lines": [187, 192, 193], "excluded_lines": [], "start_line": 175}, "BackupManager.clean_backups": {"executed_lines": [205, 206, 207, 209, 210, 212, 213, 214, 216], "summary": {"covered_lines": 9, "num_statements": 9, "percent_covered": 100.0, "percent_covered_display": "100", "missing_lines": 0, "excluded_lines": 0, "percent_statements_covered": 100.0, "percent_statements_covered_display": "100"}, "missing_lines": [], "excluded_lines": [], "start_line": 195}, "": {"executed_lines": [3, 5, 6, 7, 8, 10, 11, 13, 14, 17, 20, 25, 32, 101, 129, 171, 175, 195], "summary": {"covered_lines": 18, "num_statements": 18, "percent_covered": 100.0, "percent_covered_display": "100", "missing_lines": 0, "excluded_lines": 0, "percent_statements_covered": 100.0, "percent_statements_covered_display": "100"}, "missing_lines": [], "excluded_lines": [], "start_line": 1}}, "classes": {"BackupManager": {"executed_lines": [21, 23, 27, 29, 30, 43, 46, 47, 49, 50, 53, 54, 56, 57, 67, 68, 70, 72, 73, 77, 78, 80, 86, 91, 93, 108, 109, 112, 113, 115, 116, 117, 118, 119, 127, 173, 185, 186, 189, 190, 191, 205, 206, 207, 209, 210, 212, 213, 214, 216], "summary": {"covered_lines": 50, "num_statements": 87, "percent_covered": 57.47126436781609, "percent_covered_display": "57", "missing_lines": 37, "excluded_lines": 0, "percent_statements_covered": 57.47126436781609, "percent_statements_covered_display": "57"}, "missing_lines": [44, 58, 74, 75, 82, 83, 95, 97, 98, 99, 110, 136, 137, 138, 140, 141, 142, 144, 145, 147, 148, 149, 151, 153, 155, 156, 157, 159, 161, 162, 164, 166, 168, 169, 187, 192, 193], "excluded_lines": [], "start_line": 17}, "": {"executed_lines": [3, 5, 6, 7, 8, 10, 11, 13, 14, 17, 20, 25, 32, 101, 129, 171, 175, 195], "summary": {"covered_lines": 18, "num_statements": 18, "percent_covered": 100.0, "percent_covered_display": "100", "missing_lines": 0, "excluded_lines": 0, "percent_statements_covered": 100.0, "percent_statements_covered_display": "100"}, "missing_lines": [], "excluded_lines": [], "start_line": 1}}}, "dot_man/branch_ops.py": {"executed_lines": [3, 4, 5, 7, 8, 9, 10, 11, 12, 17, 20, 63, 165, 175, 178, 179, 181, 182, 183, 184, 185, 186, 188, 189, 194, 197, 198, 199, 201, 207, 208, 210, 211, 212, 213, 216, 221], "summary": {"covered_lines": 37, "num_statements": 94, "percent_covered": 39.361702127659576, "percent_covered_display": "39", "missing_lines": 57, "excluded_lines": 42, "percent_statements_covered": 39.361702127659576, "percent_statements_covered_display": "39"}, "missing_lines": [81, 82, 92, 93, 95, 97, 99, 101, 102, 103, 104, 105, 107, 108, 111, 112, 114, 115, 116, 119, 121, 122, 123, 124, 125, 127, 128, 131, 132, 135, 136, 138, 140, 141, 142, 144, 145, 147, 149, 150, 152, 153, 157, 158, 161, 163, 190, 191, 192, 195, 202, 205, 217, 218, 219, 223, 224], "excluded_lines": [14, 15, 23, 24, 25, 26, 27, 28, 29, 30, 31, 32, 33, 34, 35, 36, 37, 38, 39, 40, 41, 42, 43, 44, 45, 46, 47, 48, 49, 50, 51, 52, 53, 54, 55, 56, 57, 58, 59, 60, 61, 62], "functions": {"BranchMixin.current_branch": {"executed_lines": [], "summary": {"covered_lines": 0, "num_statements": 0, "percent_covered": 100.0, "percent_covered_display": "100", "missing_lines": 0, "excluded_lines": 1, "percent_statements_covered": 100.0, "percent_statements_covered_display": "100"}, "missing_lines": [], "excluded_lines": [25], "start_line": 25}, "BranchMixin.save_all": {"executed_lines": [], "summary": {"covered_lines": 0, "num_statements": 0, "percent_covered": 100.0, "percent_covered_display": "100", "missing_lines": 0, "excluded_lines": 1, "percent_statements_covered": 100.0, "percent_statements_covered_display": "100"}, "missing_lines": [], "excluded_lines": [30], "start_line": 28}, "BranchMixin.git": {"executed_lines": [], "summary": {"covered_lines": 0, "num_statements": 0, "percent_covered": 100.0, "percent_covered_display": "100", "missing_lines": 0, "excluded_lines": 1, "percent_statements_covered": 100.0, "percent_statements_covered_display": "100"}, "missing_lines": [], "excluded_lines": [34], "start_line": 34}, "BranchMixin.reload_config": {"executed_lines": [], "summary": {"covered_lines": 0, "num_statements": 0, "percent_covered": 100.0, "percent_covered_display": "100", "missing_lines": 0, "excluded_lines": 1, "percent_statements_covered": 100.0, "percent_statements_covered_display": "100"}, "missing_lines": [], "excluded_lines": [37], "start_line": 37}, "BranchMixin.get_sections": {"executed_lines": [], "summary": {"covered_lines": 0, "num_statements": 0, "percent_covered": 100.0, "percent_covered_display": "100", "missing_lines": 0, "excluded_lines": 1, "percent_statements_covered": 100.0, "percent_statements_covered_display": "100"}, "missing_lines": [], "excluded_lines": [40], "start_line": 40}, "BranchMixin.get_section": {"executed_lines": [], "summary": {"covered_lines": 0, "num_statements": 0, "percent_covered": 100.0, "percent_covered_display": "100", "missing_lines": 0, "excluded_lines": 1, "percent_statements_covered": 100.0, "percent_statements_covered_display": "100"}, "missing_lines": [], "excluded_lines": [43], "start_line": 43}, "BranchMixin.backups": {"executed_lines": [], "summary": {"covered_lines": 0, "num_statements": 0, "percent_covered": 100.0, "percent_covered_display": "100", "missing_lines": 0, "excluded_lines": 1, "percent_statements_covered": 100.0, "percent_statements_covered_display": "100"}, "missing_lines": [], "excluded_lines": [47], "start_line": 47}, "BranchMixin.scan_deployable_changes": {"executed_lines": [], "summary": {"covered_lines": 0, "num_statements": 0, "percent_covered": 100.0, "percent_covered_display": "100", "missing_lines": 0, "excluded_lines": 1, "percent_statements_covered": 100.0, "percent_statements_covered_display": "100"}, "missing_lines": [], "excluded_lines": [50], "start_line": 50}, "BranchMixin.execute_deployment_plan": {"executed_lines": [], "summary": {"covered_lines": 0, "num_statements": 0, "percent_covered": 100.0, "percent_covered_display": "100", "missing_lines": 0, "excluded_lines": 1, "percent_statements_covered": 100.0, "percent_statements_covered_display": "100"}, "missing_lines": [], "excluded_lines": [53], "start_line": 53}, "BranchMixin.global_config": {"executed_lines": [], "summary": {"covered_lines": 0, "num_statements": 0, "percent_covered": 100.0, "percent_covered_display": "100", "missing_lines": 0, "excluded_lines": 1, "percent_statements_covered": 100.0, "percent_statements_covered_display": "100"}, "missing_lines": [], "excluded_lines": [57], "start_line": 57}, "BranchMixin.vault": {"executed_lines": [], "summary": {"covered_lines": 0, "num_statements": 0, "percent_covered": 100.0, "percent_covered_display": "100", "missing_lines": 0, "excluded_lines": 1, "percent_statements_covered": 100.0, "percent_statements_covered_display": "100"}, "missing_lines": [], "excluded_lines": [61], "start_line": 61}, "BranchMixin.switch_branch": {"executed_lines": [], "summary": {"covered_lines": 0, "num_statements": 46, "percent_covered": 0.0, "percent_covered_display": "0", "missing_lines": 46, "excluded_lines": 0, "percent_statements_covered": 0.0, "percent_statements_covered_display": "0"}, "missing_lines": [81, 82, 92, 93, 95, 97, 99, 101, 102, 103, 104, 105, 107, 108, 111, 112, 114, 115, 116, 119, 121, 122, 123, 124, 125, 127, 128, 131, 132, 135, 136, 138, 140, 141, 142, 144, 145, 147, 149, 150, 152, 153, 157, 158, 161, 163], "excluded_lines": [], "start_line": 63}, "BranchMixin.revert_file": {"executed_lines": [175, 178, 179, 181, 182, 183, 184, 185, 186, 188, 189, 194, 197, 198, 199, 201, 207, 208, 210, 211, 212, 213, 216, 221], "summary": {"covered_lines": 24, "num_statements": 35, "percent_covered": 68.57142857142857, "percent_covered_display": "69", "missing_lines": 11, "excluded_lines": 0, "percent_statements_covered": 68.57142857142857, "percent_statements_covered_display": "69"}, "missing_lines": [190, 191, 192, 195, 202, 205, 217, 218, 219, 223, 224], "excluded_lines": [], "start_line": 165}, "": {"executed_lines": [3, 4, 5, 7, 8, 9, 10, 11, 12, 17, 20, 63, 165], "summary": {"covered_lines": 13, "num_statements": 13, "percent_covered": 100.0, "percent_covered_display": "100", "missing_lines": 0, "excluded_lines": 31, "percent_statements_covered": 100.0, "percent_statements_covered_display": "100"}, "missing_lines": [], "excluded_lines": [14, 15, 23, 24, 26, 27, 28, 29, 31, 32, 33, 35, 36, 38, 39, 41, 42, 44, 45, 46, 48, 49, 51, 52, 54, 55, 56, 58, 59, 60, 62], "start_line": 1}}, "classes": {"BranchMixin": {"executed_lines": [175, 178, 179, 181, 182, 183, 184, 185, 186, 188, 189, 194, 197, 198, 199, 201, 207, 208, 210, 211, 212, 213, 216, 221], "summary": {"covered_lines": 24, "num_statements": 81, "percent_covered": 29.62962962962963, "percent_covered_display": "30", "missing_lines": 57, "excluded_lines": 11, "percent_statements_covered": 29.62962962962963, "percent_statements_covered_display": "30"}, "missing_lines": [81, 82, 92, 93, 95, 97, 99, 101, 102, 103, 104, 105, 107, 108, 111, 112, 114, 115, 116, 119, 121, 122, 123, 124, 125, 127, 128, 131, 132, 135, 136, 138, 140, 141, 142, 144, 145, 147, 149, 150, 152, 153, 157, 158, 161, 163, 190, 191, 192, 195, 202, 205, 217, 218, 219, 223, 224], "excluded_lines": [25, 30, 34, 37, 40, 43, 47, 50, 53, 57, 61], "start_line": 20}, "": {"executed_lines": [3, 4, 5, 7, 8, 9, 10, 11, 12, 17, 20, 63, 165], "summary": {"covered_lines": 13, "num_statements": 13, "percent_covered": 100.0, "percent_covered_display": "100", "missing_lines": 0, "excluded_lines": 31, "percent_statements_covered": 100.0, "percent_statements_covered_display": "100"}, "missing_lines": [], "excluded_lines": [14, 15, 23, 24, 26, 27, 28, 29, 31, 32, 33, 35, 36, 38, 39, 41, 42, 44, 45, 46, 48, 49, 51, 52, 54, 55, 56, 58, 59, 60, 62], "start_line": 1}}}, "dot_man/cli/__init__.py": {"executed_lines": [7, 8, 9, 20, 21, 22, 23, 24, 25, 26, 27, 28, 29, 30, 31, 32, 33, 34, 35, 36, 37, 39], "summary": {"covered_lines": 22, "num_statements": 22, "percent_covered": 100.0, "percent_covered_display": "100", "missing_lines": 0, "excluded_lines": 0, "percent_statements_covered": 100.0, "percent_statements_covered_display": "100"}, "missing_lines": [], "excluded_lines": [], "functions": {"": {"executed_lines": [7, 8, 9, 20, 21, 22, 23, 24, 25, 26, 27, 28, 29, 30, 31, 32, 33, 34, 35, 36, 37, 39], "summary": {"covered_lines": 22, "num_statements": 22, "percent_covered": 100.0, "percent_covered_display": "100", "missing_lines": 0, "excluded_lines": 0, "percent_statements_covered": 100.0, "percent_statements_covered_display": "100"}, "missing_lines": [], "excluded_lines": [], "start_line": 1}}, "classes": {"": {"executed_lines": [7, 8, 9, 20, 21, 22, 23, 24, 25, 26, 27, 28, 29, 30, 31, 32, 33, 34, 35, 36, 37, 39], "summary": {"covered_lines": 22, "num_statements": 22, "percent_covered": 100.0, "percent_covered_display": "100", "missing_lines": 0, "excluded_lines": 0, "percent_statements_covered": 100.0, "percent_statements_covered_display": "100"}, "missing_lines": [], "excluded_lines": [], "start_line": 1}}}, "dot_man/cli/add_cmd.py": {"executed_lines": [3, 5, 7, 8, 9, 10, 11, 12, 13, 16, 17, 18, 21, 24, 30, 36, 42, 43, 44, 45, 65, 66, 69, 70, 75, 77, 80, 81, 83, 84, 85, 91, 92, 98, 99, 100, 101, 104, 114, 117, 119, 120, 121, 122, 123, 129, 130, 131, 132, 133, 158, 161, 162], "summary": {"covered_lines": 53, "num_statements": 77, "percent_covered": 68.83116883116882, "percent_covered_display": "69", "missing_lines": 24, "excluded_lines": 0, "percent_statements_covered": 68.83116883116882, "percent_statements_covered_display": "69"}, "missing_lines": [73, 86, 87, 88, 93, 134, 136, 137, 138, 139, 140, 142, 143, 151, 152, 153, 154, 155, 156, 159, 164, 165, 166, 167], "excluded_lines": [], "functions": {"add": {"executed_lines": [65, 66, 69, 70, 75, 77, 80, 81, 83, 84, 85, 91, 92, 98, 99, 100, 101, 104, 114, 117, 119, 120, 121, 122, 123, 129, 130, 131, 132, 133, 158, 161, 162], "summary": {"covered_lines": 33, "num_statements": 57, "percent_covered": 57.89473684210526, "percent_covered_display": "58", "missing_lines": 24, "excluded_lines": 0, "percent_statements_covered": 57.89473684210526, "percent_statements_covered_display": "58"}, "missing_lines": [73, 86, 87, 88, 93, 134, 136, 137, 138, 139, 140, 142, 143, 151, 152, 153, 154, 155, 156, 159, 164, 165, 166, 167], "excluded_lines": [], "start_line": 45}, "": {"executed_lines": [3, 5, 7, 8, 9, 10, 11, 12, 13, 16, 17, 18, 21, 24, 30, 36, 42, 43, 44, 45], "summary": {"covered_lines": 20, "num_statements": 20, "percent_covered": 100.0, "percent_covered_display": "100", "missing_lines": 0, "excluded_lines": 0, "percent_statements_covered": 100.0, "percent_statements_covered_display": "100"}, "missing_lines": [], "excluded_lines": [], "start_line": 1}}, "classes": {"": {"executed_lines": [3, 5, 7, 8, 9, 10, 11, 12, 13, 16, 17, 18, 21, 24, 30, 36, 42, 43, 44, 45, 65, 66, 69, 70, 75, 77, 80, 81, 83, 84, 85, 91, 92, 98, 99, 100, 101, 104, 114, 117, 119, 120, 121, 122, 123, 129, 130, 131, 132, 133, 158, 161, 162], "summary": {"covered_lines": 53, "num_statements": 77, "percent_covered": 68.83116883116882, "percent_covered_display": "69", "missing_lines": 24, "excluded_lines": 0, "percent_statements_covered": 68.83116883116882, "percent_statements_covered_display": "69"}, "missing_lines": [73, 86, 87, 88, 93, 134, 136, 137, 138, 139, 140, 142, 143, 151, 152, 153, 154, 155, 156, 159, 164, 165, 166, 167], "excluded_lines": [], "start_line": 1}}}, "dot_man/cli/audit_cmd.py": {"executed_lines": [3, 5, 6, 7, 8, 9, 10, 11, 14, 15, 18, 19, 20, 28, 29, 30, 31, 33, 34, 35, 36, 38, 41, 50, 51, 52], "summary": {"covered_lines": 26, "num_statements": 81, "percent_covered": 32.098765432098766, "percent_covered_display": "32", "missing_lines": 55, "excluded_lines": 0, "percent_statements_covered": 32.098765432098766, "percent_statements_covered_display": "32"}, "missing_lines": [55, 56, 57, 58, 59, 60, 61, 64, 65, 72, 73, 74, 76, 77, 79, 80, 82, 83, 84, 85, 88, 89, 92, 93, 96, 99, 100, 103, 104, 106, 107, 108, 109, 110, 113, 114, 115, 116, 118, 119, 120, 121, 122, 123, 128, 129, 130, 132, 133, 135, 136, 137, 138, 139, 140], "excluded_lines": [], "functions": {"audit": {"executed_lines": [28, 29, 30, 31, 33, 34, 35, 36, 38, 41, 50, 51, 52], "summary": {"covered_lines": 13, "num_statements": 68, "percent_covered": 19.11764705882353, "percent_covered_display": "19", "missing_lines": 55, "excluded_lines": 0, "percent_statements_covered": 19.11764705882353, "percent_statements_covered_display": "19"}, "missing_lines": [55, 56, 57, 58, 59, 60, 61, 64, 65, 72, 73, 74, 76, 77, 79, 80, 82, 83, 84, 85, 88, 89, 92, 93, 96, 99, 100, 103, 104, 106, 107, 108, 109, 110, 113, 114, 115, 116, 118, 119, 120, 121, 122, 123, 128, 129, 130, 132, 133, 135, 136, 137, 138, 139, 140], "excluded_lines": [], "start_line": 20}, "": {"executed_lines": [3, 5, 6, 7, 8, 9, 10, 11, 14, 15, 18, 19, 20], "summary": {"covered_lines": 13, "num_statements": 13, "percent_covered": 100.0, "percent_covered_display": "100", "missing_lines": 0, "excluded_lines": 0, "percent_statements_covered": 100.0, "percent_statements_covered_display": "100"}, "missing_lines": [], "excluded_lines": [], "start_line": 1}}, "classes": {"": {"executed_lines": [3, 5, 6, 7, 8, 9, 10, 11, 14, 15, 18, 19, 20, 28, 29, 30, 31, 33, 34, 35, 36, 38, 41, 50, 51, 52], "summary": {"covered_lines": 26, "num_statements": 81, "percent_covered": 32.098765432098766, "percent_covered_display": "32", "missing_lines": 55, "excluded_lines": 0, "percent_statements_covered": 32.098765432098766, "percent_statements_covered_display": "32"}, "missing_lines": [55, 56, 57, 58, 59, 60, 61, 64, 65, 72, 73, 74, 76, 77, 79, 80, 82, 83, 84, 85, 88, 89, 92, 93, 96, 99, 100, 103, 104, 106, 107, 108, 109, 110, 113, 114, 115, 116, 118, 119, 120, 121, 122, 123, 128, 129, 130, 132, 133, 135, 136, 137, 138, 139, 140], "excluded_lines": [], "start_line": 1}}}, "dot_man/cli/backup_cmd.py": {"executed_lines": [3, 4, 6, 7, 8, 11, 12, 14, 17, 18, 19, 20, 25, 26, 28, 31, 32, 33, 34, 36, 40, 41, 43, 44, 52, 53, 54, 56, 57, 59, 60, 62, 66, 67, 68, 69, 71, 72, 74, 80, 81, 82, 83, 84], "summary": {"covered_lines": 44, "num_statements": 64, "percent_covered": 68.75, "percent_covered_display": "69", "missing_lines": 20, "excluded_lines": 0, "percent_statements_covered": 68.75, "percent_statements_covered_display": "69"}, "missing_lines": [37, 38, 46, 48, 49, 63, 64, 76, 77, 89, 90, 92, 94, 95, 96, 98, 99, 100, 102, 103], "excluded_lines": [], "functions": {"backup": {"executed_lines": [14], "summary": {"covered_lines": 1, "num_statements": 1, "percent_covered": 100.0, "percent_covered_display": "100", "missing_lines": 0, "excluded_lines": 0, "percent_statements_covered": 100.0, "percent_statements_covered_display": "100"}, "missing_lines": [], "excluded_lines": [], "start_line": 12}, "backup_create": {"executed_lines": [25, 26, 28, 31, 32, 33, 34, 36, 40, 41, 43, 44], "summary": {"covered_lines": 12, "num_statements": 17, "percent_covered": 70.58823529411765, "percent_covered_display": "71", "missing_lines": 5, "excluded_lines": 0, "percent_statements_covered": 70.58823529411765, "percent_statements_covered_display": "71"}, "missing_lines": [37, 38, 46, 48, 49], "excluded_lines": [], "start_line": 20}, "backup_list": {"executed_lines": [56, 57, 59, 60, 62, 66, 67, 68, 69, 71, 72, 74], "summary": {"covered_lines": 12, "num_statements": 16, "percent_covered": 75.0, "percent_covered_display": "75", "missing_lines": 4, "excluded_lines": 0, "percent_statements_covered": 75.0, "percent_statements_covered_display": "75"}, "missing_lines": [63, 64, 76, 77], "excluded_lines": [], "start_line": 54}, "backup_restore": {"executed_lines": [], "summary": {"covered_lines": 0, "num_statements": 11, "percent_covered": 0.0, "percent_covered_display": "0", "missing_lines": 11, "excluded_lines": 0, "percent_statements_covered": 0.0, "percent_statements_covered_display": "0"}, "missing_lines": [89, 90, 92, 94, 95, 96, 98, 99, 100, 102, 103], "excluded_lines": [], "start_line": 84}, "": {"executed_lines": [3, 4, 6, 7, 8, 11, 12, 17, 18, 19, 20, 52, 53, 54, 80, 81, 82, 83, 84], "summary": {"covered_lines": 19, "num_statements": 19, "percent_covered": 100.0, "percent_covered_display": "100", "missing_lines": 0, "excluded_lines": 0, "percent_statements_covered": 100.0, "percent_statements_covered_display": "100"}, "missing_lines": [], "excluded_lines": [], "start_line": 1}}, "classes": {"": {"executed_lines": [3, 4, 6, 7, 8, 11, 12, 14, 17, 18, 19, 20, 25, 26, 28, 31, 32, 33, 34, 36, 40, 41, 43, 44, 52, 53, 54, 56, 57, 59, 60, 62, 66, 67, 68, 69, 71, 72, 74, 80, 81, 82, 83, 84], "summary": {"covered_lines": 44, "num_statements": 64, "percent_covered": 68.75, "percent_covered_display": "69", "missing_lines": 20, "excluded_lines": 0, "percent_statements_covered": 68.75, "percent_statements_covered_display": "69"}, "missing_lines": [37, 38, 46, 48, 49, 63, 64, 76, 77, 89, 90, 92, 94, 95, 96, 98, 99, 100, 102, 103], "excluded_lines": [], "start_line": 1}}}, "dot_man/cli/branch_cmd.py": {"executed_lines": [3, 4, 6, 7, 8, 9, 10, 11, 14, 15, 17, 20, 21, 22, 24, 25, 26, 27, 29, 30, 32, 36, 37, 38, 40, 41, 42, 43, 45, 53, 54, 55, 56, 57], "summary": {"covered_lines": 34, "num_statements": 71, "percent_covered": 47.88732394366197, "percent_covered_display": "48", "missing_lines": 37, "excluded_lines": 0, "percent_statements_covered": 47.88732394366197, "percent_statements_covered_display": "48"}, "missing_lines": [33, 34, 47, 48, 49, 50, 59, 60, 61, 62, 64, 65, 67, 68, 70, 71, 72, 73, 75, 76, 78, 79, 81, 82, 83, 84, 85, 86, 87, 88, 90, 91, 93, 94, 95, 96, 97], "excluded_lines": [], "functions": {"branch": {"executed_lines": [17], "summary": {"covered_lines": 1, "num_statements": 1, "percent_covered": 100.0, "percent_covered_display": "100", "missing_lines": 0, "excluded_lines": 0, "percent_statements_covered": 100.0, "percent_statements_covered_display": "100"}, "missing_lines": [], "excluded_lines": [], "start_line": 15}, "branch_list": {"executed_lines": [24, 25, 26, 27, 29, 30, 32, 36, 37, 38, 40, 41, 42, 43, 45], "summary": {"covered_lines": 15, "num_statements": 21, "percent_covered": 71.42857142857143, "percent_covered_display": "71", "missing_lines": 6, "excluded_lines": 0, "percent_statements_covered": 71.42857142857143, "percent_statements_covered_display": "71"}, "missing_lines": [33, 34, 47, 48, 49, 50], "excluded_lines": [], "start_line": 22}, "branch_delete": {"executed_lines": [], "summary": {"covered_lines": 0, "num_statements": 31, "percent_covered": 0.0, "percent_covered_display": "0", "missing_lines": 31, "excluded_lines": 0, "percent_statements_covered": 0.0, "percent_statements_covered_display": "0"}, "missing_lines": [59, 60, 61, 62, 64, 65, 67, 68, 70, 71, 72, 73, 75, 76, 78, 79, 81, 82, 83, 84, 85, 86, 87, 88, 90, 91, 93, 94, 95, 96, 97], "excluded_lines": [], "start_line": 57}, "": {"executed_lines": [3, 4, 6, 7, 8, 9, 10, 11, 14, 15, 20, 21, 22, 53, 54, 55, 56, 57], "summary": {"covered_lines": 18, "num_statements": 18, "percent_covered": 100.0, "percent_covered_display": "100", "missing_lines": 0, "excluded_lines": 0, "percent_statements_covered": 100.0, "percent_statements_covered_display": "100"}, "missing_lines": [], "excluded_lines": [], "start_line": 1}}, "classes": {"": {"executed_lines": [3, 4, 6, 7, 8, 9, 10, 11, 14, 15, 17, 20, 21, 22, 24, 25, 26, 27, 29, 30, 32, 36, 37, 38, 40, 41, 42, 43, 45, 53, 54, 55, 56, 57], "summary": {"covered_lines": 34, "num_statements": 71, "percent_covered": 47.88732394366197, "percent_covered_display": "48", "missing_lines": 37, "excluded_lines": 0, "percent_statements_covered": 47.88732394366197, "percent_statements_covered_display": "48"}, "missing_lines": [33, 34, 47, 48, 49, 50, 59, 60, 61, 62, 64, 65, 67, 68, 70, 71, 72, 73, 75, 76, 78, 79, 81, 82, 83, 84, 85, 86, 87, 88, 90, 91, 93, 94, 95, 96, 97], "excluded_lines": [], "start_line": 1}}}, "dot_man/cli/clean_cmd.py": {"executed_lines": [3, 5, 6, 7, 8, 11, 12, 13, 14, 15, 16, 17, 18, 19, 25, 29, 30, 31, 34, 35, 36, 47, 48, 49, 50, 51, 52, 56, 59, 60, 61, 63, 64, 65, 67, 68, 69, 71, 72, 74, 75, 77, 78, 79], "summary": {"covered_lines": 44, "num_statements": 57, "percent_covered": 77.19298245614036, "percent_covered_display": "77", "missing_lines": 13, "excluded_lines": 0, "percent_statements_covered": 77.19298245614036, "percent_statements_covered_display": "77"}, "missing_lines": [26, 27, 38, 39, 40, 41, 42, 43, 45, 54, 73, 81, 82], "excluded_lines": [], "functions": {"clean": {"executed_lines": [25, 29, 30, 31, 34, 35, 36, 47, 48, 49, 50, 51, 52, 56, 59, 60, 61, 63, 64, 65, 67, 68, 69, 71, 72, 74, 75, 77, 78, 79], "summary": {"covered_lines": 30, "num_statements": 43, "percent_covered": 69.76744186046511, "percent_covered_display": "70", "missing_lines": 13, "excluded_lines": 0, "percent_statements_covered": 69.76744186046511, "percent_statements_covered_display": "70"}, "missing_lines": [26, 27, 38, 39, 40, 41, 42, 43, 45, 54, 73, 81, 82], "excluded_lines": [], "start_line": 19}, "": {"executed_lines": [3, 5, 6, 7, 8, 11, 12, 13, 14, 15, 16, 17, 18, 19], "summary": {"covered_lines": 14, "num_statements": 14, "percent_covered": 100.0, "percent_covered_display": "100", "missing_lines": 0, "excluded_lines": 0, "percent_statements_covered": 100.0, "percent_statements_covered_display": "100"}, "missing_lines": [], "excluded_lines": [], "start_line": 1}}, "classes": {"": {"executed_lines": [3, 5, 6, 7, 8, 11, 12, 13, 14, 15, 16, 17, 18, 19, 25, 29, 30, 31, 34, 35, 36, 47, 48, 49, 50, 51, 52, 56, 59, 60, 61, 63, 64, 65, 67, 68, 69, 71, 72, 74, 75, 77, 78, 79], "summary": {"covered_lines": 44, "num_statements": 57, "percent_covered": 77.19298245614036, "percent_covered_display": "77", "missing_lines": 13, "excluded_lines": 0, "percent_statements_covered": 77.19298245614036, "percent_statements_covered_display": "77"}, "missing_lines": [26, 27, 38, 39, 40, 41, 42, 43, 45, 54, 73, 81, 82], "excluded_lines": [], "start_line": 1}}}, "dot_man/cli/common.py": {"executed_lines": [3, 4, 6, 8, 9, 10, 11, 14, 16, 19, 21, 24, 26, 29, 35, 37, 41, 42, 43, 44, 55, 58, 59, 60, 61, 73, 76, 77, 78, 80, 82, 85, 88, 98, 99, 100, 101, 103, 107, 108, 111, 114, 115, 118, 119, 120, 121, 126, 129, 168, 170, 171, 172, 173, 174, 175, 178, 188, 190, 191, 193, 245], "summary": {"covered_lines": 62, "num_statements": 145, "percent_covered": 42.758620689655174, "percent_covered_display": "43", "missing_lines": 83, "excluded_lines": 0, "percent_statements_covered": 42.758620689655174, "percent_statements_covered_display": "43"}, "missing_lines": [38, 39, 47, 48, 49, 50, 51, 52, 53, 63, 64, 66, 67, 68, 70, 79, 104, 122, 123, 131, 132, 133, 136, 137, 138, 139, 141, 142, 143, 144, 145, 146, 149, 150, 151, 152, 153, 154, 155, 156, 159, 160, 161, 163, 164, 165, 180, 181, 182, 183, 184, 185, 195, 198, 201, 202, 205, 206, 207, 208, 209, 212, 215, 216, 217, 220, 221, 222, 224, 225, 227, 228, 229, 230, 231, 232, 235, 236, 237, 238, 241, 242, 243], "excluded_lines": [], "functions": {"error": {"executed_lines": [16], "summary": {"covered_lines": 1, "num_statements": 1, "percent_covered": 100.0, "percent_covered_display": "100", "missing_lines": 0, "excluded_lines": 0, "percent_statements_covered": 100.0, "percent_statements_covered_display": "100"}, "missing_lines": [], "excluded_lines": [], "start_line": 14}, "success": {"executed_lines": [21], "summary": {"covered_lines": 1, "num_statements": 1, "percent_covered": 100.0, "percent_covered_display": "100", "missing_lines": 0, "excluded_lines": 0, "percent_statements_covered": 100.0, "percent_statements_covered_display": "100"}, "missing_lines": [], "excluded_lines": [], "start_line": 19}, "warn": {"executed_lines": [26], "summary": {"covered_lines": 1, "num_statements": 1, "percent_covered": 100.0, "percent_covered_display": "100", "missing_lines": 0, "excluded_lines": 0, "percent_statements_covered": 100.0, "percent_statements_covered_display": "100"}, "missing_lines": [], "excluded_lines": [], "start_line": 24}, "handle_exception": {"executed_lines": [35, 37, 41, 42, 43, 44], "summary": {"covered_lines": 6, "num_statements": 15, "percent_covered": 40.0, "percent_covered_display": "40", "missing_lines": 9, "excluded_lines": 0, "percent_statements_covered": 40.0, "percent_statements_covered_display": "40"}, "missing_lines": [38, 39, 47, 48, 49, 50, 51, 52, 53], "excluded_lines": [], "start_line": 29}, "DotManGroup.get_command": {"executed_lines": [59, 60, 61], "summary": {"covered_lines": 3, "num_statements": 9, "percent_covered": 33.333333333333336, "percent_covered_display": "33", "missing_lines": 6, "excluded_lines": 0, "percent_statements_covered": 33.333333333333336, "percent_statements_covered_display": "33"}, "missing_lines": [63, 64, 66, 67, 68, 70], "excluded_lines": [], "start_line": 58}, "require_init": {"executed_lines": [76, 77, 82], "summary": {"covered_lines": 3, "num_statements": 3, "percent_covered": 100.0, "percent_covered_display": "100", "missing_lines": 0, "excluded_lines": 0, "percent_statements_covered": 100.0, "percent_statements_covered_display": "100"}, "missing_lines": [], "excluded_lines": [], "start_line": 73}, "require_init.wrapper": {"executed_lines": [78, 80], "summary": {"covered_lines": 2, "num_statements": 3, "percent_covered": 66.66666666666667, "percent_covered_display": "67", "missing_lines": 1, "excluded_lines": 0, "percent_statements_covered": 66.66666666666667, "percent_statements_covered_display": "67"}, "missing_lines": [79], "excluded_lines": [], "start_line": 77}, "parse_branch_arg": {"executed_lines": [98, 99, 100, 101, 103, 107, 108, 111, 114, 115, 118, 119, 120, 121, 126], "summary": {"covered_lines": 15, "num_statements": 18, "percent_covered": 83.33333333333333, "percent_covered_display": "83", "missing_lines": 3, "excluded_lines": 0, "percent_statements_covered": 83.33333333333333, "percent_statements_covered_display": "83"}, "missing_lines": [104, 122, 123], "excluded_lines": [], "start_line": 88}, "complete_switch_args": {"executed_lines": [], "summary": {"covered_lines": 0, "num_statements": 27, "percent_covered": 0.0, "percent_covered_display": "0", "missing_lines": 27, "excluded_lines": 0, "percent_statements_covered": 0.0, "percent_statements_covered_display": "0"}, "missing_lines": [131, 132, 133, 136, 137, 138, 139, 141, 142, 143, 144, 145, 146, 149, 150, 151, 152, 153, 154, 155, 156, 159, 160, 161, 163, 164, 165], "excluded_lines": [], "start_line": 129}, "complete_branches": {"executed_lines": [170, 171, 172, 173, 174, 175], "summary": {"covered_lines": 6, "num_statements": 6, "percent_covered": 100.0, "percent_covered_display": "100", "missing_lines": 0, "excluded_lines": 0, "percent_statements_covered": 100.0, "percent_statements_covered_display": "100"}, "missing_lines": [], "excluded_lines": [], "start_line": 168}, "complete_tags": {"executed_lines": [], "summary": {"covered_lines": 0, "num_statements": 6, "percent_covered": 0.0, "percent_covered_display": "0", "missing_lines": 6, "excluded_lines": 0, "percent_statements_covered": 0.0, "percent_statements_covered_display": "0"}, "missing_lines": [180, 181, 182, 183, 184, 185], "excluded_lines": [], "start_line": 178}, "get_secret_handler": {"executed_lines": [190, 191, 193, 245], "summary": {"covered_lines": 4, "num_statements": 4, "percent_covered": 100.0, "percent_covered_display": "100", "missing_lines": 0, "excluded_lines": 0, "percent_statements_covered": 100.0, "percent_statements_covered_display": "100"}, "missing_lines": [], "excluded_lines": [], "start_line": 188}, "get_secret_handler.handle_secret": {"executed_lines": [], "summary": {"covered_lines": 0, "num_statements": 31, "percent_covered": 0.0, "percent_covered_display": "0", "missing_lines": 31, "excluded_lines": 0, "percent_statements_covered": 0.0, "percent_statements_covered_display": "0"}, "missing_lines": [195, 198, 201, 202, 205, 206, 207, 208, 209, 212, 215, 216, 217, 220, 221, 222, 224, 225, 227, 228, 229, 230, 231, 232, 235, 236, 237, 238, 241, 242, 243], "excluded_lines": [], "start_line": 193}, "": {"executed_lines": [3, 4, 6, 8, 9, 10, 11, 14, 19, 24, 29, 55, 58, 73, 85, 88, 129, 168, 178, 188], "summary": {"covered_lines": 20, "num_statements": 20, "percent_covered": 100.0, "percent_covered_display": "100", "missing_lines": 0, "excluded_lines": 0, "percent_statements_covered": 100.0, "percent_statements_covered_display": "100"}, "missing_lines": [], "excluded_lines": [], "start_line": 1}}, "classes": {"DotManGroup": {"executed_lines": [59, 60, 61], "summary": {"covered_lines": 3, "num_statements": 9, "percent_covered": 33.333333333333336, "percent_covered_display": "33", "missing_lines": 6, "excluded_lines": 0, "percent_statements_covered": 33.333333333333336, "percent_statements_covered_display": "33"}, "missing_lines": [63, 64, 66, 67, 68, 70], "excluded_lines": [], "start_line": 55}, "": {"executed_lines": [3, 4, 6, 8, 9, 10, 11, 14, 16, 19, 21, 24, 26, 29, 35, 37, 41, 42, 43, 44, 55, 58, 73, 76, 77, 78, 80, 82, 85, 88, 98, 99, 100, 101, 103, 107, 108, 111, 114, 115, 118, 119, 120, 121, 126, 129, 168, 170, 171, 172, 173, 174, 175, 178, 188, 190, 191, 193, 245], "summary": {"covered_lines": 59, "num_statements": 136, "percent_covered": 43.38235294117647, "percent_covered_display": "43", "missing_lines": 77, "excluded_lines": 0, "percent_statements_covered": 43.38235294117647, "percent_statements_covered_display": "43"}, "missing_lines": [38, 39, 47, 48, 49, 50, 51, 52, 53, 79, 104, 122, 123, 131, 132, 133, 136, 137, 138, 139, 141, 142, 143, 144, 145, 146, 149, 150, 151, 152, 153, 154, 155, 156, 159, 160, 161, 163, 164, 165, 180, 181, 182, 183, 184, 185, 195, 198, 201, 202, 205, 206, 207, 208, 209, 212, 215, 216, 217, 220, 221, 222, 224, 225, 227, 228, 229, 230, 231, 232, 235, 236, 237, 238, 241, 242, 243], "excluded_lines": [], "start_line": 1}}}, "dot_man/cli/config_cmd.py": {"executed_lines": [3, 5, 6, 8, 9, 10, 11, 12, 15, 16, 18, 21, 22, 24, 25, 26, 28, 29, 30, 31, 32, 33, 35, 36, 38, 40, 41, 42, 44, 45, 47, 53, 54, 55, 60, 61, 62, 64, 65, 67, 68, 69, 71, 73, 77, 79, 83, 84, 85, 86, 125, 126, 133, 138, 141, 142, 161, 162, 163, 165, 168, 174, 176, 183, 184, 186, 192, 193, 194, 195, 296, 510], "summary": {"covered_lines": 72, "num_statements": 275, "percent_covered": 26.181818181818183, "percent_covered_display": "26", "missing_lines": 203, "excluded_lines": 0, "percent_statements_covered": 26.181818181818183, "percent_statements_covered_display": "26"}, "missing_lines": [49, 50, 74, 75, 80, 91, 92, 93, 94, 95, 96, 99, 100, 101, 102, 104, 106, 107, 109, 110, 111, 112, 113, 114, 116, 117, 119, 121, 122, 169, 170, 171, 178, 179, 180, 188, 189, 213, 214, 216, 217, 218, 220, 221, 222, 225, 226, 235, 236, 239, 252, 253, 254, 256, 258, 261, 268, 269, 270, 271, 272, 273, 274, 275, 276, 277, 278, 279, 280, 281, 282, 283, 284, 285, 288, 289, 293, 298, 299, 301, 302, 478, 479, 480, 481, 483, 485, 486, 493, 494, 496, 497, 500, 501, 503, 505, 512, 513, 515, 516, 526, 529, 530, 534, 535, 538, 542, 543, 546, 549, 552, 555, 558, 560, 564, 565, 567, 570, 572, 575, 576, 578, 581, 584, 587, 591, 592, 595, 598, 600, 601, 603, 608, 609, 611, 614, 615, 618, 621, 625, 629, 639, 640, 643, 646, 650, 652, 667, 668, 669, 670, 672, 673, 676, 679, 681, 682, 684, 701, 702, 703, 704, 705, 707, 708, 711, 714, 716, 717, 719, 735, 736, 738, 741, 744, 747, 751, 752, 755, 757, 758, 760, 764, 765, 767, 770, 771, 772, 776, 785, 786, 789, 790, 791, 792, 793, 794, 795, 796, 798, 799, 802, 805], "excluded_lines": [], "functions": {"config": {"executed_lines": [18], "summary": {"covered_lines": 1, "num_statements": 1, "percent_covered": 100.0, "percent_covered_display": "100", "missing_lines": 0, "excluded_lines": 0, "percent_statements_covered": 100.0, "percent_statements_covered_display": "100"}, "missing_lines": [], "excluded_lines": [], "start_line": 16}, "config_list": {"executed_lines": [24, 25, 26, 28, 38, 40, 41, 42, 44, 45, 47], "summary": {"covered_lines": 11, "num_statements": 13, "percent_covered": 84.61538461538461, "percent_covered_display": "85", "missing_lines": 2, "excluded_lines": 0, "percent_statements_covered": 84.61538461538461, "percent_statements_covered_display": "85"}, "missing_lines": [49, 50], "excluded_lines": [], "start_line": 22}, "config_list.flatten": {"executed_lines": [29, 30, 31, 32, 33, 35, 36], "summary": {"covered_lines": 7, "num_statements": 7, "percent_covered": 100.0, "percent_covered_display": "100", "missing_lines": 0, "excluded_lines": 0, "percent_statements_covered": 100.0, "percent_statements_covered_display": "100"}, "missing_lines": [], "excluded_lines": [], "start_line": 28}, "config_get": {"executed_lines": [60, 61, 62, 64, 65, 67, 68, 69, 71, 73, 77, 79], "summary": {"covered_lines": 12, "num_statements": 15, "percent_covered": 80.0, "percent_covered_display": "80", "missing_lines": 3, "excluded_lines": 0, "percent_statements_covered": 80.0, "percent_statements_covered_display": "80"}, "missing_lines": [74, 75, 80], "excluded_lines": [], "start_line": 55}, "config_set": {"executed_lines": [], "summary": {"covered_lines": 0, "num_statements": 24, "percent_covered": 0.0, "percent_covered_display": "0", "missing_lines": 24, "excluded_lines": 0, "percent_statements_covered": 0.0, "percent_statements_covered_display": "0"}, "missing_lines": [91, 92, 93, 94, 95, 96, 99, 100, 101, 102, 104, 106, 107, 109, 110, 111, 112, 113, 114, 116, 117, 119, 121, 122], "excluded_lines": [], "start_line": 86}, "config_create": {"executed_lines": [161, 162, 163, 165, 168, 174, 176, 183, 184, 186], "summary": {"covered_lines": 10, "num_statements": 18, "percent_covered": 55.55555555555556, "percent_covered_display": "56", "missing_lines": 8, "excluded_lines": 0, "percent_statements_covered": 55.55555555555556, "percent_statements_covered_display": "56"}, "missing_lines": [169, 170, 171, 178, 179, 180, 188, 189], "excluded_lines": [], "start_line": 142}, "config_tutorial": {"executed_lines": [], "summary": {"covered_lines": 0, "num_statements": 40, "percent_covered": 0.0, "percent_covered_display": "0", "missing_lines": 40, "excluded_lines": 0, "percent_statements_covered": 0.0, "percent_statements_covered_display": "0"}, "missing_lines": [213, 214, 216, 217, 218, 220, 221, 222, 225, 226, 235, 236, 239, 252, 253, 254, 256, 258, 261, 268, 269, 270, 271, 272, 273, 274, 275, 276, 277, 278, 279, 280, 281, 282, 283, 284, 285, 288, 289, 293], "excluded_lines": [], "start_line": 195}, "_show_section_examples": {"executed_lines": [], "summary": {"covered_lines": 0, "num_statements": 19, "percent_covered": 0.0, "percent_covered_display": "0", "missing_lines": 19, "excluded_lines": 0, "percent_statements_covered": 0.0, "percent_statements_covered_display": "0"}, "missing_lines": [298, 299, 301, 302, 478, 479, 480, 481, 483, 485, 486, 493, 494, 496, 497, 500, 501, 503, 505], "excluded_lines": [], "start_line": 296}, "_run_interactive_tutorial": {"executed_lines": [], "summary": {"covered_lines": 0, "num_statements": 107, "percent_covered": 0.0, "percent_covered_display": "0", "missing_lines": 107, "excluded_lines": 0, "percent_statements_covered": 0.0, "percent_statements_covered_display": "0"}, "missing_lines": [512, 513, 515, 516, 526, 529, 530, 534, 535, 538, 542, 543, 546, 549, 552, 555, 558, 560, 564, 565, 567, 570, 572, 575, 576, 578, 581, 584, 587, 591, 592, 595, 598, 600, 601, 603, 608, 609, 611, 614, 615, 618, 621, 625, 629, 639, 640, 643, 646, 650, 652, 667, 668, 669, 670, 672, 673, 676, 679, 681, 682, 684, 701, 702, 703, 704, 705, 707, 708, 711, 714, 716, 717, 719, 735, 736, 738, 741, 744, 747, 751, 752, 755, 757, 758, 760, 764, 765, 767, 770, 771, 772, 776, 785, 786, 789, 790, 791, 792, 793, 794, 795, 796, 798, 799, 802, 805], "excluded_lines": [], "start_line": 510}, "": {"executed_lines": [3, 5, 6, 8, 9, 10, 11, 12, 15, 16, 21, 22, 53, 54, 55, 83, 84, 85, 86, 125, 126, 133, 138, 141, 142, 192, 193, 194, 195, 296, 510], "summary": {"covered_lines": 31, "num_statements": 31, "percent_covered": 100.0, "percent_covered_display": "100", "missing_lines": 0, "excluded_lines": 0, "percent_statements_covered": 100.0, "percent_statements_covered_display": "100"}, "missing_lines": [], "excluded_lines": [], "start_line": 1}}, "classes": {"": {"executed_lines": [3, 5, 6, 8, 9, 10, 11, 12, 15, 16, 18, 21, 22, 24, 25, 26, 28, 29, 30, 31, 32, 33, 35, 36, 38, 40, 41, 42, 44, 45, 47, 53, 54, 55, 60, 61, 62, 64, 65, 67, 68, 69, 71, 73, 77, 79, 83, 84, 85, 86, 125, 126, 133, 138, 141, 142, 161, 162, 163, 165, 168, 174, 176, 183, 184, 186, 192, 193, 194, 195, 296, 510], "summary": {"covered_lines": 72, "num_statements": 275, "percent_covered": 26.181818181818183, "percent_covered_display": "26", "missing_lines": 203, "excluded_lines": 0, "percent_statements_covered": 26.181818181818183, "percent_statements_covered_display": "26"}, "missing_lines": [49, 50, 74, 75, 80, 91, 92, 93, 94, 95, 96, 99, 100, 101, 102, 104, 106, 107, 109, 110, 111, 112, 113, 114, 116, 117, 119, 121, 122, 169, 170, 171, 178, 179, 180, 188, 189, 213, 214, 216, 217, 218, 220, 221, 222, 225, 226, 235, 236, 239, 252, 253, 254, 256, 258, 261, 268, 269, 270, 271, 272, 273, 274, 275, 276, 277, 278, 279, 280, 281, 282, 283, 284, 285, 288, 289, 293, 298, 299, 301, 302, 478, 479, 480, 481, 483, 485, 486, 493, 494, 496, 497, 500, 501, 503, 505, 512, 513, 515, 516, 526, 529, 530, 534, 535, 538, 542, 543, 546, 549, 552, 555, 558, 560, 564, 565, 567, 570, 572, 575, 576, 578, 581, 584, 587, 591, 592, 595, 598, 600, 601, 603, 608, 609, 611, 614, 615, 618, 621, 625, 629, 639, 640, 643, 646, 650, 652, 667, 668, 669, 670, 672, 673, 676, 679, 681, 682, 684, 701, 702, 703, 704, 705, 707, 708, 711, 714, 716, 717, 719, 735, 736, 738, 741, 744, 747, 751, 752, 755, 757, 758, 760, 764, 765, 767, 770, 771, 772, 776, 785, 786, 789, 790, 791, 792, 793, 794, 795, 796, 798, 799, 802, 805], "excluded_lines": [], "start_line": 1}}}, "dot_man/cli/deploy_cmd.py": {"executed_lines": [3, 5, 6, 8, 9, 10, 11, 14, 15, 16, 17, 18, 19, 28, 29, 31, 32, 35, 39, 58, 59, 60, 63, 64, 68, 71, 72, 74, 76, 77, 78, 79, 81, 84, 89, 107, 108, 114, 124, 125, 127, 128, 130, 136, 139, 140, 141, 142, 143, 144, 149, 150, 152], "summary": {"covered_lines": 53, "num_statements": 99, "percent_covered": 53.535353535353536, "percent_covered_display": "54", "missing_lines": 46, "excluded_lines": 0, "percent_statements_covered": 53.535353535353536, "percent_statements_covered_display": "54"}, "missing_lines": [36, 37, 40, 53, 54, 55, 65, 66, 82, 85, 86, 90, 91, 92, 93, 95, 96, 97, 98, 100, 101, 102, 103, 104, 109, 110, 111, 115, 116, 117, 118, 119, 120, 121, 131, 132, 133, 134, 145, 146, 154, 155, 156, 157, 158, 159], "excluded_lines": [], "functions": {"deploy": {"executed_lines": [28, 29, 31, 32, 35, 39, 58, 59, 60, 63, 64, 68, 71, 72, 74, 76, 77, 78, 79, 81, 84, 89, 107, 108, 114, 124, 125, 127, 128, 130, 136, 139, 140, 141, 142, 143, 144, 149, 150, 152], "summary": {"covered_lines": 40, "num_statements": 86, "percent_covered": 46.51162790697674, "percent_covered_display": "47", "missing_lines": 46, "excluded_lines": 0, "percent_statements_covered": 46.51162790697674, "percent_statements_covered_display": "47"}, "missing_lines": [36, 37, 40, 53, 54, 55, 65, 66, 82, 85, 86, 90, 91, 92, 93, 95, 96, 97, 98, 100, 101, 102, 103, 104, 109, 110, 111, 115, 116, 117, 118, 119, 120, 121, 131, 132, 133, 134, 145, 146, 154, 155, 156, 157, 158, 159], "excluded_lines": [], "start_line": 19}, "": {"executed_lines": [3, 5, 6, 8, 9, 10, 11, 14, 15, 16, 17, 18, 19], "summary": {"covered_lines": 13, "num_statements": 13, "percent_covered": 100.0, "percent_covered_display": "100", "missing_lines": 0, "excluded_lines": 0, "percent_statements_covered": 100.0, "percent_statements_covered_display": "100"}, "missing_lines": [], "excluded_lines": [], "start_line": 1}}, "classes": {"": {"executed_lines": [3, 5, 6, 8, 9, 10, 11, 14, 15, 16, 17, 18, 19, 28, 29, 31, 32, 35, 39, 58, 59, 60, 63, 64, 68, 71, 72, 74, 76, 77, 78, 79, 81, 84, 89, 107, 108, 114, 124, 125, 127, 128, 130, 136, 139, 140, 141, 142, 143, 144, 149, 150, 152], "summary": {"covered_lines": 53, "num_statements": 99, "percent_covered": 53.535353535353536, "percent_covered_display": "54", "missing_lines": 46, "excluded_lines": 0, "percent_statements_covered": 53.535353535353536, "percent_statements_covered_display": "54"}, "missing_lines": [36, 37, 40, 53, 54, 55, 65, 66, 82, 85, 86, 90, 91, 92, 93, 95, 96, 97, 98, 100, 101, 102, 103, 104, 109, 110, 111, 115, 116, 117, 118, 119, 120, 121, 131, 132, 133, 134, 145, 146, 154, 155, 156, 157, 158, 159], "excluded_lines": [], "start_line": 1}}}, "dot_man/cli/doctor_cmd.py": {"executed_lines": [3, 4, 5, 7, 9, 10, 11, 12, 15, 16, 17], "summary": {"covered_lines": 11, "num_statements": 143, "percent_covered": 7.6923076923076925, "percent_covered_display": "8", "missing_lines": 132, "excluded_lines": 0, "percent_statements_covered": 7.6923076923076925, "percent_statements_covered_display": "8"}, "missing_lines": [24, 26, 27, 28, 30, 32, 33, 34, 35, 36, 38, 40, 41, 42, 43, 44, 46, 48, 49, 50, 51, 52, 54, 55, 58, 59, 60, 61, 63, 66, 67, 69, 72, 74, 75, 76, 78, 80, 83, 84, 85, 87, 89, 90, 92, 95, 96, 97, 99, 102, 103, 104, 106, 108, 111, 113, 114, 116, 118, 119, 121, 122, 123, 124, 125, 126, 128, 130, 133, 134, 135, 136, 137, 139, 140, 141, 142, 144, 147, 148, 149, 150, 151, 152, 154, 155, 156, 158, 161, 162, 163, 164, 165, 166, 167, 168, 169, 170, 171, 172, 174, 175, 176, 177, 178, 179, 182, 183, 184, 185, 186, 191, 192, 193, 196, 197, 198, 199, 200, 202, 203, 204, 206, 209, 210, 211, 218, 219, 220, 222, 223, 227], "excluded_lines": [], "functions": {"doctor": {"executed_lines": [], "summary": {"covered_lines": 0, "num_statements": 117, "percent_covered": 0.0, "percent_covered_display": "0", "missing_lines": 117, "excluded_lines": 0, "percent_statements_covered": 0.0, "percent_statements_covered_display": "0"}, "missing_lines": [24, 26, 27, 28, 30, 38, 46, 54, 55, 58, 59, 60, 61, 63, 66, 67, 69, 72, 74, 75, 76, 78, 80, 83, 84, 85, 87, 89, 90, 92, 95, 96, 97, 99, 102, 103, 104, 106, 108, 111, 113, 114, 116, 118, 119, 121, 122, 123, 124, 125, 126, 128, 130, 133, 134, 135, 136, 137, 139, 140, 141, 142, 144, 147, 148, 149, 150, 151, 152, 154, 155, 156, 158, 161, 162, 163, 164, 165, 166, 167, 168, 169, 170, 171, 172, 174, 175, 176, 177, 178, 179, 182, 183, 184, 185, 186, 191, 192, 193, 196, 197, 198, 199, 200, 202, 203, 204, 206, 209, 210, 211, 218, 219, 220, 222, 223, 227], "excluded_lines": [], "start_line": 17}, "doctor.check_pass": {"executed_lines": [], "summary": {"covered_lines": 0, "num_statements": 5, "percent_covered": 0.0, "percent_covered_display": "0", "missing_lines": 5, "excluded_lines": 0, "percent_statements_covered": 0.0, "percent_statements_covered_display": "0"}, "missing_lines": [32, 33, 34, 35, 36], "excluded_lines": [], "start_line": 30}, "doctor.check_fail": {"executed_lines": [], "summary": {"covered_lines": 0, "num_statements": 5, "percent_covered": 0.0, "percent_covered_display": "0", "missing_lines": 5, "excluded_lines": 0, "percent_statements_covered": 0.0, "percent_statements_covered_display": "0"}, "missing_lines": [40, 41, 42, 43, 44], "excluded_lines": [], "start_line": 38}, "doctor.check_warn": {"executed_lines": [], "summary": {"covered_lines": 0, "num_statements": 5, "percent_covered": 0.0, "percent_covered_display": "0", "missing_lines": 5, "excluded_lines": 0, "percent_statements_covered": 0.0, "percent_statements_covered_display": "0"}, "missing_lines": [48, 49, 50, 51, 52], "excluded_lines": [], "start_line": 46}, "": {"executed_lines": [3, 4, 5, 7, 9, 10, 11, 12, 15, 16, 17], "summary": {"covered_lines": 11, "num_statements": 11, "percent_covered": 100.0, "percent_covered_display": "100", "missing_lines": 0, "excluded_lines": 0, "percent_statements_covered": 100.0, "percent_statements_covered_display": "100"}, "missing_lines": [], "excluded_lines": [], "start_line": 1}}, "classes": {"": {"executed_lines": [3, 4, 5, 7, 9, 10, 11, 12, 15, 16, 17], "summary": {"covered_lines": 11, "num_statements": 143, "percent_covered": 7.6923076923076925, "percent_covered_display": "8", "missing_lines": 132, "excluded_lines": 0, "percent_statements_covered": 7.6923076923076925, "percent_statements_covered_display": "8"}, "missing_lines": [24, 26, 27, 28, 30, 32, 33, 34, 35, 36, 38, 40, 41, 42, 43, 44, 46, 48, 49, 50, 51, 52, 54, 55, 58, 59, 60, 61, 63, 66, 67, 69, 72, 74, 75, 76, 78, 80, 83, 84, 85, 87, 89, 90, 92, 95, 96, 97, 99, 102, 103, 104, 106, 108, 111, 113, 114, 116, 118, 119, 121, 122, 123, 124, 125, 126, 128, 130, 133, 134, 135, 136, 137, 139, 140, 141, 142, 144, 147, 148, 149, 150, 151, 152, 154, 155, 156, 158, 161, 162, 163, 164, 165, 166, 167, 168, 169, 170, 171, 172, 174, 175, 176, 177, 178, 179, 182, 183, 184, 185, 186, 191, 192, 193, 196, 197, 198, 199, 200, 202, 203, 204, 206, 209, 210, 211, 218, 219, 220, 222, 223, 227], "excluded_lines": [], "start_line": 1}}}, "dot_man/cli/edit_cmd.py": {"executed_lines": [3, 5, 6, 8, 9, 10, 11, 12, 13, 16, 17, 18, 19, 20, 21, 127], "summary": {"covered_lines": 16, "num_statements": 97, "percent_covered": 16.49484536082474, "percent_covered_display": "16", "missing_lines": 81, "excluded_lines": 0, "percent_statements_covered": 16.49484536082474, "percent_statements_covered_display": "16"}, "missing_lines": [27, 28, 31, 32, 33, 35, 36, 39, 40, 41, 42, 43, 46, 48, 49, 51, 52, 53, 55, 56, 58, 59, 60, 61, 63, 65, 66, 67, 68, 69, 71, 78, 79, 81, 82, 84, 85, 86, 88, 89, 90, 91, 92, 93, 94, 95, 97, 98, 99, 100, 101, 103, 104, 105, 106, 107, 109, 110, 112, 113, 114, 116, 117, 118, 119, 120, 121, 123, 124, 129, 131, 132, 133, 134, 135, 136, 138, 139, 141, 142, 144], "excluded_lines": [], "functions": {"edit": {"executed_lines": [], "summary": {"covered_lines": 0, "num_statements": 69, "percent_covered": 0.0, "percent_covered_display": "0", "missing_lines": 69, "excluded_lines": 0, "percent_statements_covered": 0.0, "percent_statements_covered_display": "0"}, "missing_lines": [27, 28, 31, 32, 33, 35, 36, 39, 40, 41, 42, 43, 46, 48, 49, 51, 52, 53, 55, 56, 58, 59, 60, 61, 63, 65, 66, 67, 68, 69, 71, 78, 79, 81, 82, 84, 85, 86, 88, 89, 90, 91, 92, 93, 94, 95, 97, 98, 99, 100, 101, 103, 104, 105, 106, 107, 109, 110, 112, 113, 114, 116, 117, 118, 119, 120, 121, 123, 124], "excluded_lines": [], "start_line": 21}, "_open_raw_editor": {"executed_lines": [], "summary": {"covered_lines": 0, "num_statements": 12, "percent_covered": 0.0, "percent_covered_display": "0", "missing_lines": 12, "excluded_lines": 0, "percent_statements_covered": 0.0, "percent_statements_covered_display": "0"}, "missing_lines": [129, 131, 132, 133, 134, 135, 136, 138, 139, 141, 142, 144], "excluded_lines": [], "start_line": 127}, "": {"executed_lines": [3, 5, 6, 8, 9, 10, 11, 12, 13, 16, 17, 18, 19, 20, 21, 127], "summary": {"covered_lines": 16, "num_statements": 16, "percent_covered": 100.0, "percent_covered_display": "100", "missing_lines": 0, "excluded_lines": 0, "percent_statements_covered": 100.0, "percent_statements_covered_display": "100"}, "missing_lines": [], "excluded_lines": [], "start_line": 1}}, "classes": {"": {"executed_lines": [3, 5, 6, 8, 9, 10, 11, 12, 13, 16, 17, 18, 19, 20, 21, 127], "summary": {"covered_lines": 16, "num_statements": 97, "percent_covered": 16.49484536082474, "percent_covered_display": "16", "missing_lines": 81, "excluded_lines": 0, "percent_statements_covered": 16.49484536082474, "percent_statements_covered_display": "16"}, "missing_lines": [27, 28, 31, 32, 33, 35, 36, 39, 40, 41, 42, 43, 46, 48, 49, 51, 52, 53, 55, 56, 58, 59, 60, 61, 63, 65, 66, 67, 68, 69, 71, 78, 79, 81, 82, 84, 85, 86, 88, 89, 90, 91, 92, 93, 94, 95, 97, 98, 99, 100, 101, 103, 104, 105, 106, 107, 109, 110, 112, 113, 114, 116, 117, 118, 119, 120, 121, 123, 124, 129, 131, 132, 133, 134, 135, 136, 138, 139, 141, 142, 144], "excluded_lines": [], "start_line": 1}}}, "dot_man/cli/init_cmd.py": {"executed_lines": [3, 4, 5, 7, 9, 10, 11, 12, 13, 14, 15, 18, 19, 20, 21, 28, 31, 32, 40, 42, 43, 44, 45, 48, 49, 52, 53, 56, 57, 60, 63, 64, 65, 68, 71, 79, 274, 276, 277, 278, 279, 280, 281, 284, 285, 286, 289, 292, 295, 296, 297], "summary": {"covered_lines": 51, "num_statements": 167, "percent_covered": 30.538922155688624, "percent_covered_display": "31", "missing_lines": 116, "excluded_lines": 0, "percent_statements_covered": 30.538922155688624, "percent_statements_covered_display": "31"}, "missing_lines": [29, 35, 36, 38, 69, 73, 74, 75, 76, 83, 84, 85, 88, 91, 92, 94, 111, 112, 114, 115, 118, 119, 122, 123, 124, 127, 132, 133, 134, 135, 137, 138, 141, 142, 146, 147, 148, 149, 152, 153, 154, 156, 157, 159, 160, 161, 163, 164, 165, 166, 168, 169, 170, 171, 172, 174, 175, 176, 178, 181, 182, 183, 184, 190, 191, 193, 194, 195, 196, 199, 200, 202, 204, 205, 208, 209, 210, 211, 213, 214, 215, 219, 220, 221, 223, 226, 227, 229, 230, 231, 234, 235, 236, 237, 238, 240, 243, 244, 245, 246, 247, 250, 251, 252, 254, 255, 256, 259, 262, 264, 265, 266, 267, 269, 270, 271], "excluded_lines": [], "functions": {"init": {"executed_lines": [28, 31, 32, 40, 42, 43, 44, 45, 48, 49, 52, 53, 56, 57, 60, 63, 64, 65, 68, 71], "summary": {"covered_lines": 20, "num_statements": 29, "percent_covered": 68.96551724137932, "percent_covered_display": "69", "missing_lines": 9, "excluded_lines": 0, "percent_statements_covered": 68.96551724137932, "percent_statements_covered_display": "69"}, "missing_lines": [29, 35, 36, 38, 69, 73, 74, 75, 76], "excluded_lines": [], "start_line": 21}, "run_setup_wizard": {"executed_lines": [], "summary": {"covered_lines": 0, "num_statements": 107, "percent_covered": 0.0, "percent_covered_display": "0", "missing_lines": 107, "excluded_lines": 0, "percent_statements_covered": 0.0, "percent_statements_covered_display": "0"}, "missing_lines": [83, 84, 85, 88, 91, 92, 94, 111, 112, 114, 115, 118, 119, 122, 123, 124, 127, 132, 133, 134, 135, 137, 138, 141, 142, 146, 147, 148, 149, 152, 153, 154, 156, 157, 159, 160, 161, 163, 164, 165, 166, 168, 169, 170, 171, 172, 174, 175, 176, 178, 181, 182, 183, 184, 190, 191, 193, 194, 195, 196, 199, 200, 202, 204, 205, 208, 209, 210, 211, 213, 214, 215, 219, 220, 221, 223, 226, 227, 229, 230, 231, 234, 235, 236, 237, 238, 240, 243, 244, 245, 246, 247, 250, 251, 252, 254, 255, 256, 259, 262, 264, 265, 266, 267, 269, 270, 271], "excluded_lines": [], "start_line": 79}, "show_quick_start": {"executed_lines": [276, 277, 278, 279, 280, 281, 284, 285, 286, 289, 292, 295, 296, 297], "summary": {"covered_lines": 14, "num_statements": 14, "percent_covered": 100.0, "percent_covered_display": "100", "missing_lines": 0, "excluded_lines": 0, "percent_statements_covered": 100.0, "percent_statements_covered_display": "100"}, "missing_lines": [], "excluded_lines": [], "start_line": 274}, "": {"executed_lines": [3, 4, 5, 7, 9, 10, 11, 12, 13, 14, 15, 18, 19, 20, 21, 79, 274], "summary": {"covered_lines": 17, "num_statements": 17, "percent_covered": 100.0, "percent_covered_display": "100", "missing_lines": 0, "excluded_lines": 0, "percent_statements_covered": 100.0, "percent_statements_covered_display": "100"}, "missing_lines": [], "excluded_lines": [], "start_line": 1}}, "classes": {"": {"executed_lines": [3, 4, 5, 7, 9, 10, 11, 12, 13, 14, 15, 18, 19, 20, 21, 28, 31, 32, 40, 42, 43, 44, 45, 48, 49, 52, 53, 56, 57, 60, 63, 64, 65, 68, 71, 79, 274, 276, 277, 278, 279, 280, 281, 284, 285, 286, 289, 292, 295, 296, 297], "summary": {"covered_lines": 51, "num_statements": 167, "percent_covered": 30.538922155688624, "percent_covered_display": "31", "missing_lines": 116, "excluded_lines": 0, "percent_statements_covered": 30.538922155688624, "percent_statements_covered_display": "31"}, "missing_lines": [29, 35, 36, 38, 69, 73, 74, 75, 76, 83, 84, 85, 88, 91, 92, 94, 111, 112, 114, 115, 118, 119, 122, 123, 124, 127, 132, 133, 134, 135, 137, 138, 141, 142, 146, 147, 148, 149, 152, 153, 154, 156, 157, 159, 160, 161, 163, 164, 165, 166, 168, 169, 170, 171, 172, 174, 175, 176, 178, 181, 182, 183, 184, 190, 191, 193, 194, 195, 196, 199, 200, 202, 204, 205, 208, 209, 210, 211, 213, 214, 215, 219, 220, 221, 223, 226, 227, 229, 230, 231, 234, 235, 236, 237, 238, 240, 243, 244, 245, 246, 247, 250, 251, 252, 254, 255, 256, 259, 262, 264, 265, 266, 267, 269, 270, 271], "excluded_lines": [], "start_line": 1}}}, "dot_man/cli/interface.py": {"executed_lines": [7, 8, 9, 10, 11, 12, 15, 16, 17, 18, 19, 20, 23, 24, 25, 29, 30, 33, 41, 49, 53, 54, 55], "summary": {"covered_lines": 23, "num_statements": 31, "percent_covered": 74.19354838709677, "percent_covered_display": "74", "missing_lines": 8, "excluded_lines": 0, "percent_statements_covered": 74.19354838709677, "percent_statements_covered_display": "74"}, "missing_lines": [26, 27, 42, 43, 44, 47, 48, 50], "excluded_lines": [], "functions": {"cli": {"executed_lines": [23, 24, 25, 29, 30, 33, 41, 49, 53, 54, 55], "summary": {"covered_lines": 11, "num_statements": 19, "percent_covered": 57.89473684210526, "percent_covered_display": "58", "missing_lines": 8, "excluded_lines": 0, "percent_statements_covered": 57.89473684210526, "percent_statements_covered_display": "58"}, "missing_lines": [26, 27, 42, 43, 44, 47, 48, 50], "excluded_lines": [], "start_line": 20}, "": {"executed_lines": [7, 8, 9, 10, 11, 12, 15, 16, 17, 18, 19, 20], "summary": {"covered_lines": 12, "num_statements": 12, "percent_covered": 100.0, "percent_covered_display": "100", "missing_lines": 0, "excluded_lines": 0, "percent_statements_covered": 100.0, "percent_statements_covered_display": "100"}, "missing_lines": [], "excluded_lines": [], "start_line": 1}}, "classes": {"": {"executed_lines": [7, 8, 9, 10, 11, 12, 15, 16, 17, 18, 19, 20, 23, 24, 25, 29, 30, 33, 41, 49, 53, 54, 55], "summary": {"covered_lines": 23, "num_statements": 31, "percent_covered": 74.19354838709677, "percent_covered_display": "74", "missing_lines": 8, "excluded_lines": 0, "percent_statements_covered": 74.19354838709677, "percent_statements_covered_display": "74"}, "missing_lines": [26, 27, 42, 43, 44, 47, 48, 50], "excluded_lines": [], "start_line": 1}}}, "dot_man/cli/log_cmd.py": {"executed_lines": [3, 5, 6, 7, 10, 11, 12, 13, 14, 15, 24, 25, 27, 28, 30, 34, 35, 36, 37, 38, 41, 42, 43, 44, 49, 50, 51, 52, 55, 69, 98, 104, 105, 106, 107, 120, 121, 123, 124, 127, 129, 131, 133, 134, 149, 153, 155, 156, 159, 160, 161, 162, 184], "summary": {"covered_lines": 53, "num_statements": 122, "percent_covered": 43.442622950819676, "percent_covered_display": "43", "missing_lines": 69, "excluded_lines": 0, "percent_statements_covered": 43.442622950819676, "percent_statements_covered_display": "43"}, "missing_lines": [31, 32, 45, 46, 56, 57, 58, 59, 60, 61, 65, 66, 70, 72, 73, 75, 76, 79, 80, 82, 88, 89, 90, 91, 95, 96, 100, 101, 132, 138, 139, 140, 141, 143, 144, 145, 147, 150, 165, 166, 170, 171, 174, 176, 177, 178, 179, 180, 181, 186, 187, 189, 190, 191, 194, 195, 196, 197, 198, 199, 200, 203, 205, 206, 207, 208, 209, 210, 211], "excluded_lines": [], "functions": {"log": {"executed_lines": [24, 25, 27, 28, 30, 34, 35, 36, 37, 38, 41, 42, 43, 44, 49, 50, 51, 52, 55, 69, 98], "summary": {"covered_lines": 21, "num_statements": 49, "percent_covered": 42.857142857142854, "percent_covered_display": "43", "missing_lines": 28, "excluded_lines": 0, "percent_statements_covered": 42.857142857142854, "percent_statements_covered_display": "43"}, "missing_lines": [31, 32, 45, 46, 56, 57, 58, 59, 60, 61, 65, 66, 70, 72, 73, 75, 76, 79, 80, 82, 88, 89, 90, 91, 95, 96, 100, 101], "excluded_lines": [], "start_line": 15}, "checkout": {"executed_lines": [120, 121, 123, 124, 127, 129, 131, 133, 134, 149], "summary": {"covered_lines": 10, "num_statements": 20, "percent_covered": 50.0, "percent_covered_display": "50", "missing_lines": 10, "excluded_lines": 0, "percent_statements_covered": 50.0, "percent_statements_covered_display": "50"}, "missing_lines": [132, 138, 139, 140, 141, 143, 144, 145, 147, 150], "excluded_lines": [], "start_line": 107}, "_checkout_commit": {"executed_lines": [155, 156, 159, 160, 161, 162], "summary": {"covered_lines": 6, "num_statements": 17, "percent_covered": 35.294117647058826, "percent_covered_display": "35", "missing_lines": 11, "excluded_lines": 0, "percent_statements_covered": 35.294117647058826, "percent_statements_covered_display": "35"}, "missing_lines": [165, 166, 170, 171, 174, 176, 177, 178, 179, 180, 181], "excluded_lines": [], "start_line": 153}, "_checkout_tag": {"executed_lines": [], "summary": {"covered_lines": 0, "num_statements": 20, "percent_covered": 0.0, "percent_covered_display": "0", "missing_lines": 20, "excluded_lines": 0, "percent_statements_covered": 0.0, "percent_statements_covered_display": "0"}, "missing_lines": [186, 187, 189, 190, 191, 194, 195, 196, 197, 198, 199, 200, 203, 205, 206, 207, 208, 209, 210, 211], "excluded_lines": [], "start_line": 184}, "": {"executed_lines": [3, 5, 6, 7, 10, 11, 12, 13, 14, 15, 104, 105, 106, 107, 153, 184], "summary": {"covered_lines": 16, "num_statements": 16, "percent_covered": 100.0, "percent_covered_display": "100", "missing_lines": 0, "excluded_lines": 0, "percent_statements_covered": 100.0, "percent_statements_covered_display": "100"}, "missing_lines": [], "excluded_lines": [], "start_line": 1}}, "classes": {"": {"executed_lines": [3, 5, 6, 7, 10, 11, 12, 13, 14, 15, 24, 25, 27, 28, 30, 34, 35, 36, 37, 38, 41, 42, 43, 44, 49, 50, 51, 52, 55, 69, 98, 104, 105, 106, 107, 120, 121, 123, 124, 127, 129, 131, 133, 134, 149, 153, 155, 156, 159, 160, 161, 162, 184], "summary": {"covered_lines": 53, "num_statements": 122, "percent_covered": 43.442622950819676, "percent_covered_display": "43", "missing_lines": 69, "excluded_lines": 0, "percent_statements_covered": 43.442622950819676, "percent_statements_covered_display": "43"}, "missing_lines": [31, 32, 45, 46, 56, 57, 58, 59, 60, 61, 65, 66, 70, 72, 73, 75, 76, 79, 80, 82, 88, 89, 90, 91, 95, 96, 100, 101, 132, 138, 139, 140, 141, 143, 144, 145, 147, 150, 165, 166, 170, 171, 174, 176, 177, 178, 179, 180, 181, 186, 187, 189, 190, 191, 194, 195, 196, 197, 198, 199, 200, 203, 205, 206, 207, 208, 209, 210, 211], "excluded_lines": [], "start_line": 1}}}, "dot_man/cli/main.py": {"executed_lines": [7, 11, 15], "summary": {"covered_lines": 3, "num_statements": 5, "percent_covered": 60.0, "percent_covered_display": "60", "missing_lines": 2, "excluded_lines": 0, "percent_statements_covered": 60.0, "percent_statements_covered_display": "60"}, "missing_lines": [13, 16], "excluded_lines": [], "functions": {"main": {"executed_lines": [], "summary": {"covered_lines": 0, "num_statements": 1, "percent_covered": 0.0, "percent_covered_display": "0", "missing_lines": 1, "excluded_lines": 0, "percent_statements_covered": 0.0, "percent_statements_covered_display": "0"}, "missing_lines": [13], "excluded_lines": [], "start_line": 11}, "": {"executed_lines": [7, 11, 15], "summary": {"covered_lines": 3, "num_statements": 4, "percent_covered": 75.0, "percent_covered_display": "75", "missing_lines": 1, "excluded_lines": 0, "percent_statements_covered": 75.0, "percent_statements_covered_display": "75"}, "missing_lines": [16], "excluded_lines": [], "start_line": 1}}, "classes": {"": {"executed_lines": [7, 11, 15], "summary": {"covered_lines": 3, "num_statements": 5, "percent_covered": 60.0, "percent_covered_display": "60", "missing_lines": 2, "excluded_lines": 0, "percent_statements_covered": 60.0, "percent_statements_covered_display": "60"}, "missing_lines": [13, 16], "excluded_lines": [], "start_line": 1}}}, "dot_man/cli/remote_cmd.py": {"executed_lines": [3, 5, 6, 7, 8, 9, 10, 13, 14, 16, 19, 20, 21, 22, 43, 44, 45, 61, 62, 63, 142, 143, 144, 145, 146, 197, 198, 199], "summary": {"covered_lines": 28, "num_statements": 271, "percent_covered": 10.33210332103321, "percent_covered_display": "10", "missing_lines": 243, "excluded_lines": 0, "percent_statements_covered": 10.33210332103321, "percent_statements_covered_display": "10"}, "missing_lines": [27, 28, 29, 31, 32, 33, 34, 36, 37, 38, 39, 40, 47, 48, 49, 50, 51, 53, 54, 55, 56, 57, 58, 72, 73, 75, 76, 77, 80, 81, 84, 85, 86, 87, 88, 89, 90, 91, 92, 93, 95, 96, 97, 99, 101, 102, 103, 105, 106, 107, 110, 111, 113, 114, 116, 119, 120, 121, 122, 124, 125, 126, 128, 129, 131, 132, 133, 134, 136, 137, 138, 139, 154, 155, 157, 158, 159, 161, 162, 164, 165, 166, 169, 170, 171, 173, 174, 175, 176, 179, 180, 181, 182, 183, 184, 185, 186, 187, 189, 191, 192, 193, 194, 205, 206, 207, 209, 212, 213, 214, 215, 216, 218, 219, 220, 223, 225, 226, 227, 229, 230, 232, 234, 250, 252, 253, 255, 256, 257, 258, 260, 261, 262, 265, 268, 270, 271, 272, 273, 274, 276, 281, 282, 283, 284, 285, 286, 287, 288, 289, 292, 293, 299, 300, 301, 302, 303, 304, 305, 306, 307, 308, 309, 310, 311, 312, 313, 315, 316, 317, 318, 319, 320, 321, 322, 323, 325, 326, 327, 328, 329, 330, 331, 334, 337, 340, 341, 342, 343, 344, 345, 346, 348, 350, 351, 352, 353, 354, 356, 357, 360, 361, 362, 363, 365, 367, 368, 369, 370, 371, 372, 373, 376, 377, 379, 380, 381, 382, 383, 389, 390, 391, 392, 393, 394, 395, 396, 397, 398, 399, 400, 401, 402, 403, 404, 405, 406, 408, 410, 411, 412, 413, 414], "excluded_lines": [], "functions": {"remote": {"executed_lines": [16], "summary": {"covered_lines": 1, "num_statements": 1, "percent_covered": 100.0, "percent_covered_display": "100", "missing_lines": 0, "excluded_lines": 0, "percent_statements_covered": 100.0, "percent_statements_covered_display": "100"}, "missing_lines": [], "excluded_lines": [], "start_line": 14}, "remote_set": {"executed_lines": [], "summary": {"covered_lines": 0, "num_statements": 12, "percent_covered": 0.0, "percent_covered_display": "0", "missing_lines": 12, "excluded_lines": 0, "percent_statements_covered": 0.0, "percent_statements_covered_display": "0"}, "missing_lines": [27, 28, 29, 31, 32, 33, 34, 36, 37, 38, 39, 40], "excluded_lines": [], "start_line": 22}, "remote_get": {"executed_lines": [], "summary": {"covered_lines": 0, "num_statements": 11, "percent_covered": 0.0, "percent_covered_display": "0", "missing_lines": 11, "excluded_lines": 0, "percent_statements_covered": 0.0, "percent_statements_covered_display": "0"}, "missing_lines": [47, 48, 49, 50, 51, 53, 54, 55, 56, 57, 58], "excluded_lines": [], "start_line": 45}, "sync_branch": {"executed_lines": [], "summary": {"covered_lines": 0, "num_statements": 49, "percent_covered": 0.0, "percent_covered_display": "0", "missing_lines": 49, "excluded_lines": 0, "percent_statements_covered": 0.0, "percent_statements_covered_display": "0"}, "missing_lines": [72, 73, 75, 76, 77, 80, 81, 84, 85, 86, 87, 88, 89, 90, 91, 92, 93, 95, 96, 97, 99, 101, 102, 103, 105, 106, 107, 110, 111, 113, 114, 116, 119, 120, 121, 122, 124, 125, 126, 128, 129, 131, 132, 133, 134, 136, 137, 138, 139], "excluded_lines": [], "start_line": 63}, "sync": {"executed_lines": [], "summary": {"covered_lines": 0, "num_statements": 31, "percent_covered": 0.0, "percent_covered_display": "0", "missing_lines": 31, "excluded_lines": 0, "percent_statements_covered": 0.0, "percent_statements_covered_display": "0"}, "missing_lines": [154, 155, 157, 158, 159, 161, 162, 164, 165, 166, 169, 170, 171, 173, 174, 175, 176, 179, 180, 181, 182, 183, 184, 185, 186, 187, 189, 191, 192, 193, 194], "excluded_lines": [], "start_line": 146}, "setup": {"executed_lines": [], "summary": {"covered_lines": 0, "num_statements": 140, "percent_covered": 0.0, "percent_covered_display": "0", "missing_lines": 140, "excluded_lines": 0, "percent_statements_covered": 0.0, "percent_statements_covered_display": "0"}, "missing_lines": [205, 206, 207, 209, 212, 213, 214, 215, 216, 218, 219, 220, 223, 225, 226, 227, 229, 230, 232, 234, 250, 252, 253, 255, 256, 257, 258, 260, 261, 262, 265, 268, 270, 271, 272, 273, 274, 276, 281, 282, 283, 284, 285, 286, 287, 288, 289, 292, 293, 299, 300, 301, 302, 303, 304, 305, 306, 307, 308, 309, 310, 311, 312, 313, 315, 316, 317, 318, 319, 320, 321, 322, 323, 325, 326, 327, 328, 329, 330, 331, 334, 337, 340, 341, 342, 343, 344, 345, 346, 348, 350, 351, 352, 353, 354, 356, 357, 360, 361, 362, 363, 365, 367, 368, 369, 370, 371, 372, 373, 376, 377, 379, 380, 381, 382, 383, 389, 390, 391, 392, 393, 394, 395, 396, 397, 398, 399, 400, 401, 402, 403, 404, 405, 406, 408, 410, 411, 412, 413, 414], "excluded_lines": [], "start_line": 199}, "": {"executed_lines": [3, 5, 6, 7, 8, 9, 10, 13, 14, 19, 20, 21, 22, 43, 44, 45, 61, 62, 63, 142, 143, 144, 145, 146, 197, 198, 199], "summary": {"covered_lines": 27, "num_statements": 27, "percent_covered": 100.0, "percent_covered_display": "100", "missing_lines": 0, "excluded_lines": 0, "percent_statements_covered": 100.0, "percent_statements_covered_display": "100"}, "missing_lines": [], "excluded_lines": [], "start_line": 1}}, "classes": {"": {"executed_lines": [3, 5, 6, 7, 8, 9, 10, 13, 14, 16, 19, 20, 21, 22, 43, 44, 45, 61, 62, 63, 142, 143, 144, 145, 146, 197, 198, 199], "summary": {"covered_lines": 28, "num_statements": 271, "percent_covered": 10.33210332103321, "percent_covered_display": "10", "missing_lines": 243, "excluded_lines": 0, "percent_statements_covered": 10.33210332103321, "percent_statements_covered_display": "10"}, "missing_lines": [27, 28, 29, 31, 32, 33, 34, 36, 37, 38, 39, 40, 47, 48, 49, 50, 51, 53, 54, 55, 56, 57, 58, 72, 73, 75, 76, 77, 80, 81, 84, 85, 86, 87, 88, 89, 90, 91, 92, 93, 95, 96, 97, 99, 101, 102, 103, 105, 106, 107, 110, 111, 113, 114, 116, 119, 120, 121, 122, 124, 125, 126, 128, 129, 131, 132, 133, 134, 136, 137, 138, 139, 154, 155, 157, 158, 159, 161, 162, 164, 165, 166, 169, 170, 171, 173, 174, 175, 176, 179, 180, 181, 182, 183, 184, 185, 186, 187, 189, 191, 192, 193, 194, 205, 206, 207, 209, 212, 213, 214, 215, 216, 218, 219, 220, 223, 225, 226, 227, 229, 230, 232, 234, 250, 252, 253, 255, 256, 257, 258, 260, 261, 262, 265, 268, 270, 271, 272, 273, 274, 276, 281, 282, 283, 284, 285, 286, 287, 288, 289, 292, 293, 299, 300, 301, 302, 303, 304, 305, 306, 307, 308, 309, 310, 311, 312, 313, 315, 316, 317, 318, 319, 320, 321, 322, 323, 325, 326, 327, 328, 329, 330, 331, 334, 337, 340, 341, 342, 343, 344, 345, 346, 348, 350, 351, 352, 353, 354, 356, 357, 360, 361, 362, 363, 365, 367, 368, 369, 370, 371, 372, 373, 376, 377, 379, 380, 381, 382, 383, 389, 390, 391, 392, 393, 394, 395, 396, 397, 398, 399, 400, 401, 402, 403, 404, 405, 406, 408, 410, 411, 412, 413, 414], "excluded_lines": [], "start_line": 1}}}, "dot_man/cli/revert_cmd.py": {"executed_lines": [3, 5, 7, 8, 9, 10, 12, 13, 14, 15, 16, 24, 25, 27, 30, 32, 33, 34, 36, 38, 39, 43], "summary": {"covered_lines": 22, "num_statements": 26, "percent_covered": 84.61538461538461, "percent_covered_display": "85", "missing_lines": 4, "excluded_lines": 0, "percent_statements_covered": 84.61538461538461, "percent_statements_covered_display": "85"}, "missing_lines": [45, 46, 47, 48], "excluded_lines": [], "functions": {"revert": {"executed_lines": [24, 25, 27, 30, 32, 33, 34, 36, 38, 39, 43], "summary": {"covered_lines": 11, "num_statements": 15, "percent_covered": 73.33333333333333, "percent_covered_display": "73", "missing_lines": 4, "excluded_lines": 0, "percent_statements_covered": 73.33333333333333, "percent_statements_covered_display": "73"}, "missing_lines": [45, 46, 47, 48], "excluded_lines": [], "start_line": 16}, "": {"executed_lines": [3, 5, 7, 8, 9, 10, 12, 13, 14, 15, 16], "summary": {"covered_lines": 11, "num_statements": 11, "percent_covered": 100.0, "percent_covered_display": "100", "missing_lines": 0, "excluded_lines": 0, "percent_statements_covered": 100.0, "percent_statements_covered_display": "100"}, "missing_lines": [], "excluded_lines": [], "start_line": 1}}, "classes": {"": {"executed_lines": [3, 5, 7, 8, 9, 10, 12, 13, 14, 15, 16, 24, 25, 27, 30, 32, 33, 34, 36, 38, 39, 43], "summary": {"covered_lines": 22, "num_statements": 26, "percent_covered": 84.61538461538461, "percent_covered_display": "85", "missing_lines": 4, "excluded_lines": 0, "percent_statements_covered": 84.61538461538461, "percent_statements_covered_display": "85"}, "missing_lines": [45, 46, 47, 48], "excluded_lines": [], "start_line": 1}}}, "dot_man/cli/status_cmd.py": {"executed_lines": [3, 5, 6, 7, 9, 10, 11, 12, 13, 14, 17, 18, 19, 20, 21, 27, 28, 30, 33, 34, 36, 37, 38, 39, 40, 41, 43, 48, 51, 54, 61, 62, 63, 64, 65, 67, 69, 72, 74, 75, 76, 79, 81, 82, 83, 84, 86, 93, 94, 96, 99, 101, 102, 108, 111, 114, 121, 122, 123, 127, 128, 130, 133, 136, 137, 140, 141, 145, 146, 152, 157, 159, 161, 164, 165, 170, 178], "summary": {"covered_lines": 77, "num_statements": 101, "percent_covered": 76.23762376237623, "percent_covered_display": "76", "missing_lines": 24, "excluded_lines": 0, "percent_statements_covered": 76.23762376237623, "percent_statements_covered_display": "76"}, "missing_lines": [66, 68, 70, 103, 106, 124, 125, 138, 142, 147, 148, 149, 150, 171, 172, 173, 179, 180, 182, 183, 184, 185, 186, 187], "excluded_lines": [], "functions": {"status": {"executed_lines": [27, 28, 30, 33, 34, 36, 37, 38, 39, 40, 41, 43, 48, 51, 54, 61, 62, 63, 64, 65, 67, 69, 72, 74, 75, 76, 79, 81, 82, 83, 84, 86, 93, 94, 96, 99, 101, 102, 108, 111, 114, 121, 122, 123, 127, 128, 130, 133, 136, 137, 140, 141, 145, 146, 152, 157, 159, 161, 164, 165, 170, 178], "summary": {"covered_lines": 62, "num_statements": 86, "percent_covered": 72.09302325581395, "percent_covered_display": "72", "missing_lines": 24, "excluded_lines": 0, "percent_statements_covered": 72.09302325581395, "percent_statements_covered_display": "72"}, "missing_lines": [66, 68, 70, 103, 106, 124, 125, 138, 142, 147, 148, 149, 150, 171, 172, 173, 179, 180, 182, 183, 184, 185, 186, 187], "excluded_lines": [], "start_line": 21}, "": {"executed_lines": [3, 5, 6, 7, 9, 10, 11, 12, 13, 14, 17, 18, 19, 20, 21], "summary": {"covered_lines": 15, "num_statements": 15, "percent_covered": 100.0, "percent_covered_display": "100", "missing_lines": 0, "excluded_lines": 0, "percent_statements_covered": 100.0, "percent_statements_covered_display": "100"}, "missing_lines": [], "excluded_lines": [], "start_line": 1}}, "classes": {"": {"executed_lines": [3, 5, 6, 7, 9, 10, 11, 12, 13, 14, 17, 18, 19, 20, 21, 27, 28, 30, 33, 34, 36, 37, 38, 39, 40, 41, 43, 48, 51, 54, 61, 62, 63, 64, 65, 67, 69, 72, 74, 75, 76, 79, 81, 82, 83, 84, 86, 93, 94, 96, 99, 101, 102, 108, 111, 114, 121, 122, 123, 127, 128, 130, 133, 136, 137, 140, 141, 145, 146, 152, 157, 159, 161, 164, 165, 170, 178], "summary": {"covered_lines": 77, "num_statements": 101, "percent_covered": 76.23762376237623, "percent_covered_display": "76", "missing_lines": 24, "excluded_lines": 0, "percent_statements_covered": 76.23762376237623, "percent_statements_covered_display": "76"}, "missing_lines": [66, 68, 70, 103, 106, 124, 125, 138, 142, 147, 148, 149, 150, 171, 172, 173, 179, 180, 182, 183, 184, 185, 186, 187], "excluded_lines": [], "start_line": 1}}}, "dot_man/cli/switch_cmd.py": {"executed_lines": [3, 4, 6, 8, 9, 10, 11, 12, 13, 24, 27, 29, 30, 31, 32, 33, 36, 39, 40, 43, 44, 51, 58, 59, 60, 80, 81, 83, 87, 90, 91, 92, 93, 94, 96, 99, 106, 113, 133, 156, 191, 193, 196, 197, 198, 200, 205, 209, 216, 217, 218, 219, 220, 221, 223, 226, 231, 234, 235, 236, 237, 242, 243, 245, 246, 252, 253, 255, 258, 259, 261, 262, 280, 281, 282, 283, 284, 285, 286, 287, 290, 296, 297, 300, 312, 313, 315, 317, 322, 325, 337, 338, 341, 342, 345, 346, 347, 348, 349], "summary": {"covered_lines": 99, "num_statements": 210, "percent_covered": 47.142857142857146, "percent_covered_display": "47", "missing_lines": 111, "excluded_lines": 0, "percent_statements_covered": 47.142857142857146, "percent_statements_covered_display": "47"}, "missing_lines": [84, 100, 103, 107, 110, 117, 118, 119, 120, 121, 122, 123, 124, 125, 126, 127, 128, 129, 130, 135, 137, 138, 139, 141, 142, 143, 144, 145, 146, 147, 150, 151, 152, 153, 158, 160, 161, 162, 165, 166, 167, 169, 170, 171, 172, 173, 174, 175, 178, 179, 180, 181, 182, 185, 186, 188, 201, 202, 210, 211, 212, 213, 214, 224, 227, 228, 229, 239, 247, 248, 250, 254, 263, 264, 265, 266, 267, 270, 271, 272, 273, 274, 275, 277, 291, 292, 293, 294, 301, 302, 303, 304, 305, 306, 307, 308, 309, 310, 318, 319, 320, 326, 327, 328, 329, 330, 331, 332, 333, 334, 343], "excluded_lines": [], "functions": {"BranchParamType.convert": {"executed_lines": [30, 31, 32, 33], "summary": {"covered_lines": 4, "num_statements": 4, "percent_covered": 100.0, "percent_covered_display": "100", "missing_lines": 0, "excluded_lines": 0, "percent_statements_covered": 100.0, "percent_statements_covered_display": "100"}, "missing_lines": [], "excluded_lines": [], "start_line": 29}, "switch": {"executed_lines": [80, 81, 83, 87, 90, 91, 92, 93, 94, 96, 99, 106, 113], "summary": {"covered_lines": 13, "num_statements": 32, "percent_covered": 40.625, "percent_covered_display": "41", "missing_lines": 19, "excluded_lines": 0, "percent_statements_covered": 40.625, "percent_statements_covered_display": "41"}, "missing_lines": [84, 100, 103, 107, 110, 117, 118, 119, 120, 121, 122, 123, 124, 125, 126, 127, 128, 129, 130], "excluded_lines": [], "start_line": 60}, "_handle_commit_switch": {"executed_lines": [], "summary": {"covered_lines": 0, "num_statem
[...]
uded_lines": 0, "percent_statements_covered": 0.0, "percent_statements_covered_display": "0"}, "missing_lines": [299, 300, 302, 303, 304, 306, 307, 309, 310, 311, 313, 314, 315, 316], "excluded_lines": [], "start_line": 298}, "": {"executed_lines": [], "summary": {"covered_lines": 0, "num_statements": 34, "percent_covered": 0.0, "percent_covered_display": "0", "missing_lines": 34, "excluded_lines": 0, "percent_statements_covered": 0.0, "percent_statements_covered_display": "0"}, "missing_lines": [3, 4, 5, 16, 17, 18, 19, 21, 22, 25, 28, 30, 34, 40, 74, 78, 102, 105, 155, 161, 167, 183, 186, 194, 199, 204, 212, 252, 256, 261, 264, 279, 292, 298], "excluded_lines": [], "start_line": 1}}, "classes": {"SectionForm": {"executed_lines": [], "summary": {"covered_lines": 0, "num_statements": 33, "percent_covered": 0.0, "percent_covered_display": "0", "missing_lines": 33, "excluded_lines": 0, "percent_statements_covered": 0.0, "percent_statements_covered_display": "0"}, "missing_lines": [35, 36, 37, 38, 41, 42, 45, 46, 47, 50, 51, 54, 55, 56, 59, 60, 63, 65, 66, 68, 69, 72, 75, 76, 80, 81, 83, 84, 85, 86, 87, 90, 99], "excluded_lines": [], "start_line": 25}, "SectionForm.Submitted": {"executed_lines": [], "summary": {"covered_lines": 0, "num_statements": 2, "percent_covered": 0.0, "percent_covered_display": "0", "missing_lines": 2, "excluded_lines": 0, "percent_statements_covered": 0.0, "percent_statements_covered_display": "0"}, "missing_lines": [31, 32], "excluded_lines": [], "start_line": 28}, "ConfigEditorScreen": {"executed_lines": [], "summary": {"covered_lines": 0, "num_statements": 55, "percent_covered": 0.0, "percent_covered_display": "0", "missing_lines": 55, "excluded_lines": 0, "percent_statements_covered": 0.0, "percent_statements_covered_display": "0"}, "missing_lines": [162, 163, 164, 165, 168, 170, 172, 173, 174, 175, 178, 179, 181, 184, 187, 188, 190, 191, 192, 195, 196, 197, 200, 201, 202, 205, 206, 207, 208, 209, 210, 214, 215, 220, 228, 231, 232, 233, 234, 236, 237, 238, 239, 241, 242, 243, 244, 246, 247, 249, 250, 253, 254, 257, 258], "excluded_lines": [], "start_line": 102}, "AddSectionModal": {"executed_lines": [], "summary": {"covered_lines": 0, "num_statements": 25, "percent_covered": 0.0, "percent_covered_display": "0", "missing_lines": 25, "excluded_lines": 0, "percent_statements_covered": 0.0, "percent_statements_covered_display": "0"}, "missing_lines": [280, 281, 282, 283, 284, 285, 286, 293, 294, 295, 296, 299, 300, 302, 303, 304, 306, 307, 309, 310, 311, 313, 314, 315, 316], "excluded_lines": [], "start_line": 261}, "": {"executed_lines": [], "summary": {"covered_lines": 0, "num_statements": 34, "percent_covered": 0.0, "percent_covered_display": "0", "missing_lines": 34, "excluded_lines": 0, "percent_statements_covered": 0.0, "percent_statements_covered_display": "0"}, "missing_lines": [3, 4, 5, 16, 17, 18, 19, 21, 22, 25, 28, 30, 34, 40, 74, 78, 102, 105, 155, 161, 167, 183, 186, 194, 199, 204, 212, 252, 256, 261, 264, 279, 292, 298], "excluded_lines": [], "start_line": 1}}}, "dot_man/ui.py": {"executed_lines": [3, 4, 5, 6, 7, 8, 11, 22, 23, 25, 27, 28, 31, 39, 43, 45, 47, 49, 51, 53, 54, 55, 57, 59, 61, 71], "summary": {"covered_lines": 26, "num_statements": 32, "percent_covered": 81.25, "percent_covered_display": "81", "missing_lines": 6, "excluded_lines": 0, "percent_statements_covered": 81.25, "percent_statements_covered_display": "81"}, "missing_lines": [29, 41, 63, 73, 74, 75], "excluded_lines": [], "functions": {"print_banner": {"executed_lines": [27, 28, 31], "summary": {"covered_lines": 3, "num_statements": 4, "percent_covered": 75.0, "percent_covered_display": "75", "missing_lines": 1, "excluded_lines": 0, "percent_statements_covered": 75.0, "percent_statements_covered_display": "75"}, "missing_lines": [29], "excluded_lines": [], "start_line": 25}, "info": {"executed_lines": [], "summary": {"covered_lines": 0, "num_statements": 1, "percent_covered": 0.0, "percent_covered_display": "0", "missing_lines": 1, "excluded_lines": 0, "percent_statements_covered": 0.0, "percent_statements_covered_display": "0"}, "missing_lines": [41], "excluded_lines": [], "start_line": 39}, "success": {"executed_lines": [45], "summary": {"covered_lines": 1, "num_statements": 1, "percent_covered": 100.0, "percent_covered_display": "100", "missing_lines": 0, "excluded_lines": 0, "percent_statements_covered": 100.0, "percent_statements_covered_display": "100"}, "missing_lines": [], "excluded_lines": [], "start_line": 43}, "warn": {"executed_lines": [49], "summary": {"covered_lines": 1, "num_statements": 1, "percent_covered": 100.0, "percent_covered_display": "100", "missing_lines": 0, "excluded_lines": 0, "percent_statements_covered": 100.0, "percent_statements_covered_display": "100"}, "missing_lines": [], "excluded_lines": [], "start_line": 47}, "error": {"executed_lines": [53, 54, 55], "summary": {"covered_lines": 3, "num_statements": 3, "percent_covered": 100.0, "percent_covered_display": "100", "missing_lines": 0, "excluded_lines": 0, "percent_statements_covered": 100.0, "percent_statements_covered_display": "100"}, "missing_lines": [], "excluded_lines": [], "start_line": 51}, "confirm": {"executed_lines": [59], "summary": {"covered_lines": 1, "num_statements": 1, "percent_covered": 100.0, "percent_covered_display": "100", "missing_lines": 0, "excluded_lines": 0, "percent_statements_covered": 100.0, "percent_statements_covered_display": "100"}, "missing_lines": [], "excluded_lines": [], "start_line": 57}, "ask": {"executed_lines": [], "summary": {"covered_lines": 0, "num_statements": 1, "percent_covered": 0.0, "percent_covered_display": "0", "missing_lines": 1, "excluded_lines": 0, "percent_statements_covered": 0.0, "percent_statements_covered_display": "0"}, "missing_lines": [63], "excluded_lines": [], "start_line": 61}, "suggest_command": {"executed_lines": [], "summary": {"covered_lines": 0, "num_statements": 3, "percent_covered": 0.0, "percent_covered_display": "0", "missing_lines": 3, "excluded_lines": 0, "percent_statements_covered": 0.0, "percent_statements_covered_display": "0"}, "missing_lines": [73, 74, 75], "excluded_lines": [], "start_line": 71}, "": {"executed_lines": [3, 4, 5, 6, 7, 8, 11, 22, 23, 25, 39, 43, 47, 51, 57, 61, 71], "summary": {"covered_lines": 17, "num_statements": 17, "percent_covered": 100.0, "percent_covered_display": "100", "missing_lines": 0, "excluded_lines": 0, "percent_statements_covered": 100.0, "percent_statements_covered_display": "100"}, "missing_lines": [], "excluded_lines": [], "start_line": 1}}, "classes": {"": {"executed_lines": [3, 4, 5, 6, 7, 8, 11, 22, 23, 25, 27, 28, 31, 39, 43, 45, 47, 49, 51, 53, 54, 55, 57, 59, 61, 71], "summary": {"covered_lines": 26, "num_statements": 32, "percent_covered": 81.25, "percent_covered_display": "81", "missing_lines": 6, "excluded_lines": 0, "percent_statements_covered": 81.25, "percent_statements_covered_display": "81"}, "missing_lines": [29, 41, 63, 73, 74, 75], "excluded_lines": [], "start_line": 1}}}, "dot_man/utils.py": {"executed_lines": [3, 9, 10, 11, 12, 15, 35, 50, 59, 60, 61, 62, 63, 64, 67, 69, 70, 72, 73, 75, 76, 77, 78, 79, 82, 85, 87, 88, 89, 90, 92, 93, 94, 95, 96, 99, 101, 104, 106, 108, 111, 113, 115], "summary": {"covered_lines": 43, "num_statements": 59, "percent_covered": 72.88135593220339, "percent_covered_display": "73", "missing_lines": 16, "excluded_lines": 0, "percent_statements_covered": 72.88135593220339, "percent_statements_covered_display": "73"}, "missing_lines": [22, 23, 24, 25, 28, 29, 30, 32, 41, 43, 44, 45, 46, 47, 80, 81], "excluded_lines": [], "functions": {"get_editor": {"executed_lines": [], "summary": {"covered_lines": 0, "num_statements": 8, "percent_covered": 0.0, "percent_covered_display": "0", "missing_lines": 8, "excluded_lines": 0, "percent_statements_covered": 0.0, "percent_statements_covered_display": "0"}, "missing_lines": [22, 23, 24, 25, 28, 29, 30, 32], "excluded_lines": [], "start_line": 15}, "open_in_editor": {"executed_lines": [], "summary": {"covered_lines": 0, "num_statements": 6, "percent_covered": 0.0, "percent_covered_display": "0", "missing_lines": 6, "excluded_lines": 0, "percent_statements_covered": 0.0, "percent_statements_covered_display": "0"}, "missing_lines": [41, 43, 44, 45, 46, 47], "excluded_lines": [], "start_line": 35}, "human_size": {"executed_lines": [59, 60, 61, 62, 63, 64], "summary": {"covered_lines": 6, "num_statements": 6, "percent_covered": 100.0, "percent_covered_display": "100", "missing_lines": 0, "excluded_lines": 0, "percent_statements_covered": 100.0, "percent_statements_covered_display": "100"}, "missing_lines": [], "excluded_lines": [], "start_line": 50}, "get_directory_size": {"executed_lines": [69, 70, 72, 73, 75, 76, 77, 78, 79, 82], "summary": {"covered_lines": 10, "num_statements": 12, "percent_covered": 83.33333333333333, "percent_covered_display": "83", "missing_lines": 2, "excluded_lines": 0, "percent_statements_covered": 83.33333333333333, "percent_statements_covered_display": "83"}, "missing_lines": [80, 81], "excluded_lines": [], "start_line": 67}, "count_files": {"executed_lines": [87, 88, 89, 90, 92, 93, 94, 95, 96], "summary": {"covered_lines": 9, "num_statements": 9, "percent_covered": 100.0, "percent_covered_display": "100", "missing_lines": 0, "excluded_lines": 0, "percent_statements_covered": 100.0, "percent_statements_covered_display": "100"}, "missing_lines": [], "excluded_lines": [], "start_line": 85}, "is_git_installed": {"executed_lines": [101], "summary": {"covered_lines": 1, "num_statements": 1, "percent_covered": 100.0, "percent_covered_display": "100", "missing_lines": 0, "excluded_lines": 0, "percent_statements_covered": 100.0, "percent_statements_covered_display": "100"}, "missing_lines": [], "excluded_lines": [], "start_line": 99}, "get_hostname": {"executed_lines": [106, 108], "summary": {"covered_lines": 2, "num_statements": 2, "percent_covered": 100.0, "percent_covered_display": "100", "missing_lines": 0, "excluded_lines": 0, "percent_statements_covered": 100.0, "percent_statements_covered_display": "100"}, "missing_lines": [], "excluded_lines": [], "start_line": 104}, "get_username": {"executed_lines": [113, 115], "summary": {"covered_lines": 2, "num_statements": 2, "percent_covered": 100.0, "percent_covered_display": "100", "missing_lines": 0, "excluded_lines": 0, "percent_statements_covered": 100.0, "percent_statements_covered_display": "100"}, "missing_lines": [], "excluded_lines": [], "start_line": 111}, "": {"executed_lines": [3, 9, 10, 11, 12, 15, 35, 50, 67, 85, 99, 104, 111], "summary": {"covered_lines": 13, "num_statements": 13, "percent_covered": 100.0, "percent_covered_display": "100", "missing_lines": 0, "excluded_lines": 0, "percent_statements_covered": 100.0, "percent_statements_covered_display": "100"}, "missing_lines": [], "excluded_lines": [], "start_line": 1}}, "classes": {"": {"executed_lines": [3, 9, 10, 11, 12, 15, 35, 50, 59, 60, 61, 62, 63, 64, 67, 69, 70, 72, 73, 75, 76, 77, 78, 79, 82, 85, 87, 88, 89, 90, 92, 93, 94, 95, 96, 99, 101, 104, 106, 108, 111, 113, 115], "summary": {"covered_lines": 43, "num_statements": 59, "percent_covered": 72.88135593220339, "percent_covered_display": "73", "missing_lines": 16, "excluded_lines": 0, "percent_statements_covered": 72.88135593220339, "percent_statements_covered_display": "73"}, "missing_lines": [22, 23, 24, 25, 28, 29, 30, 32, 41, 43, 44, 45, 46, 47, 80, 81], "excluded_lines": [], "start_line": 1}}}, "dot_man/vault.py": {"executed_lines": [3, 5, 6, 7, 8, 9, 10, 12, 14, 15, 16, 17, 19, 21, 23, 46, 47, 48, 49, 50, 51, 52, 55, 56, 57, 58, 60, 62, 63, 64, 66, 67, 69, 70, 71, 72, 76, 78, 81, 84, 85, 87, 89, 91, 92, 94, 95, 96, 97, 99, 101, 102, 103, 105, 106, 107, 112, 114, 115, 116, 119, 120, 123, 124, 128, 132, 133, 139, 141, 142, 143, 145, 146, 149, 150, 152, 153, 155, 167, 168, 169, 173, 174, 175, 176, 178, 179, 180, 181, 182, 183, 184, 186, 188, 190, 197, 198, 201, 204, 206, 217, 218, 219, 228, 229, 231, 232, 234, 236, 238, 240, 241, 242, 244, 245, 248, 249, 250, 253, 255, 257, 258, 259, 261, 262, 263, 264, 265, 270, 279, 280, 282, 289], "summary": {"covered_lines": 133, "num_statements": 156, "percent_covered": 85.25641025641026, "percent_covered_display": "85", "missing_lines": 23, "excluded_lines": 0, "percent_statements_covered": 85.25641025641026, "percent_statements_covered_display": "85"}, "missing_lines": [73, 74, 108, 109, 110, 125, 126, 129, 130, 185, 224, 225, 226, 251, 252, 266, 267, 268, 283, 284, 285, 286, 287], "excluded_lines": [], "functions": {"SecretVault.__init__": {"executed_lines": [47, 48, 49, 50, 51, 52, 55, 56, 57, 58], "summary": {"covered_lines": 10, "num_statements": 10, "percent_covered": 100.0, "percent_covered_display": "100", "missing_lines": 0, "excluded_lines": 0, "percent_statements_covered": 100.0, "percent_statements_covered_display": "100"}, "missing_lines": [], "excluded_lines": [], "start_line": 46}, "SecretVault._get_fernet": {"executed_lines": [62, 63, 64, 66, 67, 69, 70, 71, 72], "summary": {"covered_lines": 9, "num_statements": 11, "percent_covered": 81.81818181818181, "percent_covered_display": "82", "missing_lines": 2, "excluded_lines": 0, "percent_statements_covered": 81.81818181818181, "percent_statements_covered_display": "82"}, "missing_lines": [73, 74], "excluded_lines": [], "start_line": 60}, "SecretVault._generate_key": {"executed_lines": [78, 81, 84, 85], "summary": {"covered_lines": 4, "num_statements": 4, "percent_covered": 100.0, "percent_covered_display": "100", "missing_lines": 0, "excluded_lines": 0, "percent_statements_covered": 100.0, "percent_statements_covered_display": "100"}, "missing_lines": [], "excluded_lines": [], "start_line": 76}, "SecretVault.load": {"executed_lines": [89, 91, 92, 94, 95, 96, 97, 99, 101, 102, 103, 105, 106, 107], "summary": {"covered_lines": 14, "num_statements": 17, "percent_covered": 82.3529411764706, "percent_covered_display": "82", "missing_lines": 3, "excluded_lines": 0, "percent_statements_covered": 82.3529411764706, "percent_statements_covered_display": "82"}, "missing_lines": [108, 109, 110], "excluded_lines": [], "start_line": 87}, "SecretVault.save": {"executed_lines": [114, 115, 116, 119, 120, 123, 124, 128], "summary": {"covered_lines": 8, "num_statements": 12, "percent_covered": 66.66666666666667, "percent_covered_display": "67", "missing_lines": 4, "excluded_lines": 0, "percent_statements_covered": 66.66666666666667, "percent_statements_covered_display": "67"}, "missing_lines": [125, 126, 129, 130], "excluded_lines": [], "start_line": 112}, "SecretVault.batch": {"executed_lines": [139, 141, 142, 143, 145, 146, 149, 150, 152, 153], "summary": {"covered_lines": 10, "num_statements": 10, "percent_covered": 100.0, "percent_covered_display": "100", "missing_lines": 0, "excluded_lines": 0, "percent_statements_covered": 100.0, "percent_statements_covered_display": "100"}, "missing_lines": [], "excluded_lines": [], "start_line": 133}, "SecretVault.stash_secret": {"executed_lines": [167, 168, 169, 173, 174, 175, 176, 178, 179, 180, 181, 182, 183, 184, 186, 188], "summary": {"covered_lines": 16, "num_statements": 17, "percent_covered": 94.11764705882354, "percent_covered_display": "94", "missing_lines": 1, "excluded_lines": 0, "percent_statements_covered": 94.11764705882354, "percent_statements_covered_display": "94"}, "missing_lines": [185], "excluded_lines": [], "start_line": 155}, "SecretVault._perform_stash": {"executed_lines": [197, 198, 201, 204, 206, 217, 218, 219, 228, 229, 231, 232, 234, 236], "summary": {"covered_lines": 14, "num_statements": 17, "percent_covered": 82.3529411764706, "percent_covered_display": "82", "missing_lines": 3, "excluded_lines": 0, "percent_statements_covered": 82.3529411764706, "percent_statements_covered_display": "82"}, "missing_lines": [224, 225, 226], "excluded_lines": [], "start_line": 190}, "SecretVault.get_secret": {"executed_lines": [240, 241, 242, 244, 245, 248, 249, 250, 253], "summary": {"covered_lines": 9, "num_statements": 11, "percent_covered": 81.81818181818181, "percent_covered_display": "82", "missing_lines": 2, "excluded_lines": 0, "percent_statements_covered": 81.81818181818181, "percent_statements_covered_display": "82"}, "missing_lines": [251, 252], "excluded_lines": [], "start_line": 238}, "SecretVault.get_secret_by_hash": {"executed_lines": [257, 258, 259, 261, 262, 263, 264, 265], "summary": {"covered_lines": 8, "num_statements": 11, "percent_covered": 72.72727272727273, "percent_covered_display": "73", "missing_lines": 3, "excluded_lines": 0, "percent_statements_covered": 72.72727272727273, "percent_statements_covered_display": "73"}, "missing_lines": [266, 267, 268], "excluded_lines": [], "start_line": 255}, "SecretVault.restore_secrets_in_content": {"executed_lines": [279, 280, 282, 289], "summary": {"covered_lines": 4, "num_statements": 4, "percent_covered": 100.0, "percent_covered_display": "100", "missing_lines": 0, "excluded_lines": 0, "percent_statements_covered": 100.0, "percent_statements_covered_display": "100"}, "missing_lines": [], "excluded_lines": [], "start_line": 270}, "SecretVault.restore_secrets_in_content.replace_match": {"executed_lines": [], "summary": {"covered_lines": 0, "num_statements": 5, "percent_covered": 0.0, "percent_covered_display": "0", "missing_lines": 5, "excluded_lines": 0, "percent_statements_covered": 0.0, "percent_statements_covered_display": "0"}, "missing_lines": [283, 284, 285, 286, 287], "excluded_lines": [], "start_line": 282}, "": {"executed_lines": [3, 5, 6, 7, 8, 9, 10, 12, 14, 15, 16, 17, 19, 21, 23, 46, 60, 76, 87, 112, 132, 133, 155, 190, 238, 255, 270], "summary": {"covered_lines": 27, "num_statements": 27, "percent_covered": 100.0, "percent_covered_display": "100", "missing_lines": 0, "excluded_lines": 0, "percent_statements_covered": 100.0, "percent_statements_covered_display": "100"}, "missing_lines": [], "excluded_lines": [], "start_line": 1}}, "classes": {"VaultError": {"executed_lines": [], "summary": {"covered_lines": 0, "num_statements": 0, "percent_covered": 100.0, "percent_covered_display": "100", "missing_lines": 0, "excluded_lines": 0, "percent_statements_covered": 100.0, "percent_statements_covered_display": "100"}, "missing_lines": [], "excluded_lines": [], "start_line": 19}, "SecretVault": {"executed_lines": [47, 48, 49, 50, 51, 52, 55, 56, 57, 58, 62, 63, 64, 66, 67, 69, 70, 71, 72, 78, 81, 84, 85, 89, 91, 92, 94, 95, 96, 97, 99, 101, 102, 103, 105, 106, 107, 114, 115, 116, 119, 120, 123, 124, 128, 139, 141, 142, 143, 145, 146, 149, 150, 152, 153, 167, 168, 169, 173, 174, 175, 176, 178, 179, 180, 181, 182, 183, 184, 186, 188, 197, 198, 201, 204, 206, 217, 218, 219, 228, 229, 231, 232, 234, 236, 240, 241, 242, 244, 245, 248, 249, 250, 253, 257, 258, 259, 261, 262, 263, 264, 265, 279, 280, 282, 289], "summary": {"covered_lines": 106, "num_statements": 129, "percent_covered": 82.17054263565892, "percent_covered_display": "82", "missing_lines": 23, "excluded_lines": 0, "percent_statements_covered": 82.17054263565892, "percent_statements_covered_display": "82"}, "missing_lines": [73, 74, 108, 109, 110, 125, 126, 129, 130, 185, 224, 225, 226, 251, 252, 266, 267, 268, 283, 284, 285, 286, 287], "excluded_lines": [], "start_line": 23}, "": {"executed_lines": [3, 5, 6, 7, 8, 9, 10, 12, 14, 15, 16, 17, 19, 21, 23, 46, 60, 76, 87, 112, 132, 133, 155, 190, 238, 255, 270], "summary": {"covered_lines": 27, "num_statements": 27, "percent_covered": 100.0, "percent_covered_display": "100", "missing_lines": 0, "excluded_lines": 0, "percent_statements_covered": 100.0, "percent_statements_covered_display": "100"}, "missing_lines": [], "excluded_lines": [], "start_line": 1}}}}, "totals": {"covered_lines": 2357, "num_statements": 5159, "percent_covered": 45.6871486722233, "percent_covered_display": "46", "missing_lines": 2802, "excluded_lines": 75, "percent_statements_covered": 45.6871486722233, "percent_statements_covered_display": "46"}}